{"numTotalTestSuites":24,"numPassedTestSuites":4,"numFailedTestSuites":20,"numPendingTestSuites":0,"numTotalTests":6,"numPassedTests":6,"numFailedTests":0,"numPendingTests":0,"numTodoTests":0,"snapshot":{"added":0,"failure":false,"filesAdded":0,"filesRemoved":0,"filesRemovedList":[],"filesUnmatched":0,"filesUpdated":0,"matched":0,"total":0,"unchecked":0,"uncheckedKeysByFile":[],"unmatched":0,"updated":0,"didUpdate":false},"startTime":1761899339315,"success":false,"testResults":[{"assertionResults":[],"startTime":1761899339315,"endTime":1761899339315,"status":"failed","message":"Parse failure: Expected ';', '}' or <eof>\nAt file: /Users/moustafasuliman/git/quranApp/codex/AGENTS.md:1:14","name":"/Users/moustafasuliman/git/quranApp/codex/AGENTS.md"},{"assertionResults":[],"startTime":1761899339315,"endTime":1761899339315,"status":"failed","message":"Parse failure: Expected ';', '}' or <eof>\nAt file: /Users/moustafasuliman/git/quranApp/codex/agent_launch_marketing.md:1:9","name":"/Users/moustafasuliman/git/quranApp/codex/agent_launch_marketing.md"},{"assertionResults":[],"startTime":1761899339315,"endTime":1761899339315,"status":"failed","message":"Parse failure: Expected ';', '}' or <eof>\nAt file: /Users/moustafasuliman/git/quranApp/codex/agent_support_operations.md:1:9","name":"/Users/moustafasuliman/git/quranApp/codex/agent_support_operations.md"},{"assertionResults":[],"startTime":1761899339315,"endTime":1761899339315,"status":"failed","message":"Failed to parse source for import analysis because the content contains invalid JS syntax. You may need to install appropriate plugins to handle the .md file format, or if it's an asset, add \"**/*.md\" to `assetsInclude` in your configuration.","name":"/Users/moustafasuliman/git/quranApp/codex/plan_codex.md"},{"assertionResults":[],"startTime":1761899339315,"endTime":1761899339315,"status":"failed","message":"No test suite found in file /Users/moustafasuliman/git/quranApp/src/components/AudioDownloadManager.tsx","name":"/Users/moustafasuliman/git/quranApp/src/components/AudioDownloadManager.tsx"},{"assertionResults":[],"startTime":1761899339315,"endTime":1761899339315,"status":"failed","message":"Cannot read properties of undefined (reading 'subscribe')","name":"/Users/moustafasuliman/git/quranApp/src/components/AudioPlayer.tsx"},{"assertionResults":[],"startTime":1761899339315,"endTime":1761899339315,"status":"failed","message":"No test suite found in file /Users/moustafasuliman/git/quranApp/src/pages/HomePage.tsx","name":"/Users/moustafasuliman/git/quranApp/src/pages/HomePage.tsx"},{"assertionResults":[],"startTime":1761899339315,"endTime":1761899339315,"status":"failed","message":"No test suite found in file /Users/moustafasuliman/git/quranApp/src/pages/ProgressPage.tsx","name":"/Users/moustafasuliman/git/quranApp/src/pages/ProgressPage.tsx"},{"assertionResults":[],"startTime":1761899339315,"endTime":1761899339315,"status":"failed","message":"Cannot read properties of undefined (reading 'subscribe')","name":"/Users/moustafasuliman/git/quranApp/src/pages/SettingsPage.tsx"},{"assertionResults":[],"startTime":1761899339315,"endTime":1761899339315,"status":"failed","message":"No test suite found in file /Users/moustafasuliman/git/quranApp/src/services/syncClient.ts","name":"/Users/moustafasuliman/git/quranApp/src/services/syncClient.ts"},{"assertionResults":[],"startTime":1761899339315,"endTime":1761899339315,"status":"failed","message":"Cannot read properties of undefined (reading 'subscribe')","name":"/Users/moustafasuliman/git/quranApp/src/stores/audio/index.ts"},{"assertionResults":[],"startTime":1761899339315,"endTime":1761899339315,"status":"failed","message":"No test suite found in file /Users/moustafasuliman/git/quranApp/src/stores/audioDownloadStore.ts","name":"/Users/moustafasuliman/git/quranApp/src/stores/audioDownloadStore.ts"},{"assertionResults":[],"startTime":1761899339315,"endTime":1761899339315,"status":"failed","message":"Cannot read properties of undefined (reading 'subscribe')","name":"/Users/moustafasuliman/git/quranApp/src/stores/audioPlayerStore.ts"},{"assertionResults":[],"startTime":1761899339315,"endTime":1761899339315,"status":"failed","message":"No test suite found in file /Users/moustafasuliman/git/quranApp/src/stores/audioQueueStore.ts","name":"/Users/moustafasuliman/git/quranApp/src/stores/audioQueueStore.ts"},{"assertionResults":[],"startTime":1761899339315,"endTime":1761899339315,"status":"failed","message":"Cannot read properties of undefined (reading 'subscribe')","name":"/Users/moustafasuliman/git/quranApp/src/stores/audioStore.ts"},{"assertionResults":[],"startTime":1761899339315,"endTime":1761899339315,"status":"failed","message":"No test suite found in file /Users/moustafasuliman/git/quranApp/src/stores/authStore.ts","name":"/Users/moustafasuliman/git/quranApp/src/stores/authStore.ts"},{"assertionResults":[],"startTime":1761899339315,"endTime":1761899339315,"status":"failed","message":"No test suite found in file /Users/moustafasuliman/git/quranApp/src/stores/progressStore.ts","name":"/Users/moustafasuliman/git/quranApp/src/stores/progressStore.ts"},{"assertionResults":[{"ancestorTitles":["useAuthStore verification & social linking"],"fullName":"useAuthStore verification & social linking rejects invalid email addresses for verification","status":"passed","title":"rejects invalid email addresses for verification","duration":2.6558330059051514,"failureMessages":[],"location":{"line":39,"column":3},"meta":{}},{"ancestorTitles":["useAuthStore verification & social linking"],"fullName":"useAuthStore verification & social linking sends and verifies email codes","status":"passed","title":"sends and verifies email codes","duration":1.5108749866485596,"failureMessages":[],"location":{"line":46,"column":3},"meta":{}},{"ancestorTitles":["useAuthStore verification & social linking"],"fullName":"useAuthStore verification & social linking links social providers and updates user state","status":"passed","title":"links social providers and updates user state","duration":0.7716249823570251,"failureMessages":[],"location":{"line":76,"column":3},"meta":{}}],"startTime":1762198484501,"endTime":1762198484505.7717,"status":"passed","message":"","name":"/Users/moustafasuliman/git/quranApp/src/tests/unit/stores/authStore.test.ts"},{"assertionResults":[{"ancestorTitles":["useProgressStore analytics"],"fullName":"useProgressStore analytics records study sessions and updates aggregate stats","status":"passed","title":"records study sessions and updates aggregate stats","duration":3.855791985988617,"failureMessages":[],"location":{"line":20,"column":3},"meta":{}},{"ancestorTitles":["useProgressStore analytics"],"fullName":"useProgressStore analytics aggregates multi-day progress for weekly and monthly summaries","status":"passed","title":"aggregates multi-day progress for weekly and monthly summaries","duration":1.5336660146713257,"failureMessages":[],"location":{"line":45,"column":3},"meta":{}},{"ancestorTitles":["useProgressStore analytics"],"fullName":"useProgressStore analytics resets analytics history when progress is cleared","status":"passed","title":"resets analytics history when progress is cleared","duration":0.5543749928474426,"failureMessages":[],"location":{"line":75,"column":3},"meta":{}}],"startTime":1762198484239,"endTime":1762198484245.5544,"status":"passed","message":"","name":"/Users/moustafasuliman/git/quranApp/src/tests/unit/stores/progressStore.test.ts"},{"assertionResults":[],"startTime":1761899339315,"endTime":1761899339315,"status":"failed","message":"No test suite found in file /Users/moustafasuliman/git/quranApp/src/types/quran.ts","name":"/Users/moustafasuliman/git/quranApp/src/types/quran.ts"},{"assertionResults":[],"startTime":1761899339315,"endTime":1761899339315,"status":"failed","message":"No test suite found in file /Users/moustafasuliman/git/quranApp/src/utils/quranApi.ts","name":"/Users/moustafasuliman/git/quranApp/src/utils/quranApi.ts"},{"assertionResults":[],"startTime":1761899339315,"endTime":1761899339315,"status":"failed","message":"No test suite found in file /Users/moustafasuliman/git/quranApp/src/utils/uiText.ts","name":"/Users/moustafasuliman/git/quranApp/src/utils/uiText.ts"}]}