{"numTotalTestSuites":140,"numPassedTestSuites":6,"numFailedTestSuites":134,"numPendingTestSuites":0,"numTotalTests":242,"numPassedTests":46,"numFailedTests":196,"numPendingTests":0,"numTodoTests":0,"snapshot":{"added":0,"failure":false,"filesAdded":0,"filesRemoved":0,"filesRemovedList":[],"filesUnmatched":0,"filesUpdated":0,"matched":0,"total":0,"unchecked":0,"uncheckedKeysByFile":[],"unmatched":0,"updated":0,"didUpdate":false},"startTime":1760952680032,"success":false,"testResults":[{"assertionResults":[],"startTime":1760952680032,"endTime":1760952680032,"status":"failed","message":"expect is not defined","name":"/Users/moustafasuliman/QuranApp/src/tests/MushafReaderPage.test.tsx"},{"assertionResults":[{"ancestorTitles":["API Integration Tests","Quran.com API Reliability"],"fullName":"API Integration Tests Quran.com API Reliability should successfully connect to Quran.com API","status":"failed","title":"should successfully connect to Quran.com API","duration":1724.71675,"failureMessages":["AssertionError: expected \"spy\" to be called with arguments: [ StringContaining{…}, …(1) ]\u001b[90m\n\nNumber of calls: \u001b[1m0\u001b[22m\n\u001b[39m\n    at Proxy.<anonymous> (file:///Users/moustafasuliman/QuranApp/node_modules/@vitest/expect/dist/index.js:1355:10)\n    at Proxy.<anonymous> (file:///Users/moustafasuliman/QuranApp/node_modules/@vitest/expect/dist/index.js:1029:14)\n    at Proxy.methodWrapper (file:///Users/moustafasuliman/QuranApp/node_modules/chai/index.js:1686:25)\n    at /Users/moustafasuliman/QuranApp/src/tests/api-integration.test.ts:111:25\n    at processTicksAndRejections (node:internal/process/task_queues:105:5)\n    at file:///Users/moustafasuliman/QuranApp/node_modules/@vitest/runner/dist/chunk-hooks.js:752:20"],"meta":{}},{"ancestorTitles":["API Integration Tests","Quran.com API Reliability"],"fullName":"API Integration Tests Quran.com API Reliability should handle API timeout gracefully","status":"failed","title":"should handle API timeout gracefully","duration":284.83241599999974,"failureMessages":["Error: promise resolved \"[ { number: 1, …(6) }, …(113) ]\" instead of rejecting\n    at _Assertion.__VITEST_REJECTS__ (file:///Users/moustafasuliman/QuranApp/node_modules/@vitest/expect/dist/index.js:1610:17)\n    at _Assertion.propertyGetter (file:///Users/moustafasuliman/QuranApp/node_modules/chai/index.js:1557:27)\n    at Reflect.get (<anonymous>)\n    at Object.proxyGetter [as get] (file:///Users/moustafasuliman/QuranApp/node_modules/chai/index.js:1645:22)\n    at /Users/moustafasuliman/QuranApp/src/tests/api-integration.test.ts:132:42\n    at file:///Users/moustafasuliman/QuranApp/node_modules/@vitest/runner/dist/chunk-hooks.js:155:11\n    at file:///Users/moustafasuliman/QuranApp/node_modules/@vitest/runner/dist/chunk-hooks.js:752:26\n    at file:///Users/moustafasuliman/QuranApp/node_modules/@vitest/runner/dist/chunk-hooks.js:1897:20\n    at new Promise (<anonymous>)\n    at runWithTimeout (file:///Users/moustafasuliman/QuranApp/node_modules/@vitest/runner/dist/chunk-hooks.js:1863:10)"],"meta":{}},{"ancestorTitles":["API Integration Tests","Quran.com API Reliability"],"fullName":"API Integration Tests Quran.com API Reliability should handle network errors gracefully","status":"failed","title":"should handle network errors gracefully","duration":335.28179199999977,"failureMessages":["Error: promise resolved \"[ { number: 1, …(6) }, …(113) ]\" instead of rejecting\n    at _Assertion.__VITEST_REJECTS__ (file:///Users/moustafasuliman/QuranApp/node_modules/@vitest/expect/dist/index.js:1610:17)\n    at _Assertion.propertyGetter (file:///Users/moustafasuliman/QuranApp/node_modules/chai/index.js:1557:27)\n    at Reflect.get (<anonymous>)\n    at Object.proxyGetter [as get] (file:///Users/moustafasuliman/QuranApp/node_modules/chai/index.js:1645:22)\n    at /Users/moustafasuliman/QuranApp/src/tests/api-integration.test.ts:138:42\n    at file:///Users/moustafasuliman/QuranApp/node_modules/@vitest/runner/dist/chunk-hooks.js:155:11\n    at file:///Users/moustafasuliman/QuranApp/node_modules/@vitest/runner/dist/chunk-hooks.js:752:26\n    at file:///Users/moustafasuliman/QuranApp/node_modules/@vitest/runner/dist/chunk-hooks.js:1897:20\n    at new Promise (<anonymous>)\n    at runWithTimeout (file:///Users/moustafasuliman/QuranApp/node_modules/@vitest/runner/dist/chunk-hooks.js:1863:10)"],"meta":{}},{"ancestorTitles":["API Integration Tests","Quran.com API Reliability"],"fullName":"API Integration Tests Quran.com API Reliability should handle API rate limiting","status":"failed","title":"should handle API rate limiting","duration":126.49529199999961,"failureMessages":["Error: promise resolved \"[ { number: 1, …(6) }, …(113) ]\" instead of rejecting\n    at _Assertion.__VITEST_REJECTS__ (file:///Users/moustafasuliman/QuranApp/node_modules/@vitest/expect/dist/index.js:1610:17)\n    at _Assertion.propertyGetter (file:///Users/moustafasuliman/QuranApp/node_modules/chai/index.js:1557:27)\n    at Reflect.get (<anonymous>)\n    at Object.proxyGetter [as get] (file:///Users/moustafasuliman/QuranApp/node_modules/chai/index.js:1645:22)\n    at /Users/moustafasuliman/QuranApp/src/tests/api-integration.test.ts:148:42\n    at file:///Users/moustafasuliman/QuranApp/node_modules/@vitest/runner/dist/chunk-hooks.js:155:11\n    at file:///Users/moustafasuliman/QuranApp/node_modules/@vitest/runner/dist/chunk-hooks.js:752:26\n    at file:///Users/moustafasuliman/QuranApp/node_modules/@vitest/runner/dist/chunk-hooks.js:1897:20\n    at new Promise (<anonymous>)\n    at runWithTimeout (file:///Users/moustafasuliman/QuranApp/node_modules/@vitest/runner/dist/chunk-hooks.js:1863:10)"],"meta":{}},{"ancestorTitles":["API Integration Tests","Quran.com API Reliability"],"fullName":"API Integration Tests Quran.com API Reliability should handle invalid API responses","status":"failed","title":"should handle invalid API responses","duration":266.48079099999995,"failureMessages":["AssertionError: expected [ { number: 1, …(6) }, …(113) ] to deeply equal []\n    at /Users/moustafasuliman/QuranApp/src/tests/api-integration.test.ts:158:24\n    at processTicksAndRejections (node:internal/process/task_queues:105:5)\n    at file:///Users/moustafasuliman/QuranApp/node_modules/@vitest/runner/dist/chunk-hooks.js:752:20"],"meta":{}},{"ancestorTitles":["API Integration Tests","Authentic Arabic Text Retrieval"],"fullName":"API Integration Tests Authentic Arabic Text Retrieval should retrieve authentic Uthmani script text","status":"failed","title":"should retrieve authentic Uthmani script text","duration":336.21425,"failureMessages":["AssertionError: expected 'بِسْمِ ٱللَّهِ ٱلرَّحْمَـٰنِ ٱلرَّحِي…' to be 'بِسْمِ ٱللَّهِ ٱلرَّحْمَـٰنِ ٱلرَّحِي…' // Object.is equality\n    at /Users/moustafasuliman/QuranApp/src/tests/api-integration.test.ts:172:30\n    at processTicksAndRejections (node:internal/process/task_queues:105:5)\n    at file:///Users/moustafasuliman/QuranApp/node_modules/@vitest/runner/dist/chunk-hooks.js:752:20"],"meta":{}},{"ancestorTitles":["API Integration Tests","Authentic Arabic Text Retrieval"],"fullName":"API Integration Tests Authentic Arabic Text Retrieval should prefer text_uthmani over other text fields","status":"failed","title":"should prefer text_uthmani over other text fields","duration":416.9645419999997,"failureMessages":["AssertionError: expected 'بِسْمِ ٱللَّهِ ٱلرَّحْمَـٰنِ ٱلرَّحِي…' to be 'بِسْمِ ٱللَّهِ ٱلرَّحْمَـٰنِ ٱلرَّحِي…' // Object.is equality\n    at /Users/moustafasuliman/QuranApp/src/tests/api-integration.test.ts:207:37\n    at processTicksAndRejections (node:internal/process/task_queues:105:5)\n    at file:///Users/moustafasuliman/QuranApp/node_modules/@vitest/runner/dist/chunk-hooks.js:752:20"],"meta":{}},{"ancestorTitles":["API Integration Tests","Authentic Arabic Text Retrieval"],"fullName":"API Integration Tests Authentic Arabic Text Retrieval should validate Arabic text encoding","status":"passed","title":"should validate Arabic text encoding","duration":118.09354200000053,"failureMessages":[],"meta":{}},{"ancestorTitles":["API Integration Tests","Authentic Arabic Text Retrieval"],"fullName":"API Integration Tests Authentic Arabic Text Retrieval should maintain diacritics and proper Arabic formatting","status":"passed","title":"should maintain diacritics and proper Arabic formatting","duration":123.62024999999994,"failureMessages":[],"meta":{}},{"ancestorTitles":["API Integration Tests","Error Handling for API Failures"],"fullName":"API Integration Tests Error Handling for API Failures should provide fallback content when API is unavailable","status":"failed","title":"should provide fallback content when API is unavailable","duration":273.81545800000004,"failureMessages":["Error: promise resolved \"[ { number: 1, …(6) }, …(113) ]\" instead of rejecting\n    at _Assertion.__VITEST_REJECTS__ (file:///Users/moustafasuliman/QuranApp/node_modules/@vitest/expect/dist/index.js:1610:17)\n    at _Assertion.propertyGetter (file:///Users/moustafasuliman/QuranApp/node_modules/chai/index.js:1557:27)\n    at Reflect.get (<anonymous>)\n    at Object.proxyGetter [as get] (file:///Users/moustafasuliman/QuranApp/node_modules/chai/index.js:1645:22)\n    at /Users/moustafasuliman/QuranApp/src/tests/api-integration.test.ts:255:42\n    at file:///Users/moustafasuliman/QuranApp/node_modules/@vitest/runner/dist/chunk-hooks.js:155:11\n    at file:///Users/moustafasuliman/QuranApp/node_modules/@vitest/runner/dist/chunk-hooks.js:752:26\n    at file:///Users/moustafasuliman/QuranApp/node_modules/@vitest/runner/dist/chunk-hooks.js:1897:20\n    at new Promise (<anonymous>)\n    at runWithTimeout (file:///Users/moustafasuliman/QuranApp/node_modules/@vitest/runner/dist/chunk-hooks.js:1863:10)"],"meta":{}},{"ancestorTitles":["API Integration Tests","Error Handling for API Failures"],"fullName":"API Integration Tests Error Handling for API Failures should handle partial API failures gracefully","status":"failed","title":"should handle partial API failures gracefully","duration":113.6675839999998,"failureMessages":["AssertionError: expected [ { number: 1, …(6) }, …(113) ] to have a length of 2 but got 114\n    at Proxy.<anonymous> (file:///Users/moustafasuliman/QuranApp/node_modules/@vitest/expect/dist/index.js:1257:20)\n    at Proxy.<anonymous> (file:///Users/moustafasuliman/QuranApp/node_modules/@vitest/expect/dist/index.js:1029:14)\n    at Proxy.methodWrapper (file:///Users/moustafasuliman/QuranApp/node_modules/chai/index.js:1686:25)\n    at /Users/moustafasuliman/QuranApp/src/tests/api-integration.test.ts:276:24\n    at processTicksAndRejections (node:internal/process/task_queues:105:5)\n    at file:///Users/moustafasuliman/QuranApp/node_modules/@vitest/runner/dist/chunk-hooks.js:752:20"],"meta":{}},{"ancestorTitles":["API Integration Tests","Error Handling for API Failures"],"fullName":"API Integration Tests Error Handling for API Failures should handle corrupted API responses","status":"failed","title":"should handle corrupted API responses","duration":112.84166699999969,"failureMessages":["Error: promise resolved \"[ { number: 1, …(6) }, …(113) ]\" instead of rejecting\n    at _Assertion.__VITEST_REJECTS__ (file:///Users/moustafasuliman/QuranApp/node_modules/@vitest/expect/dist/index.js:1610:17)\n    at _Assertion.propertyGetter (file:///Users/moustafasuliman/QuranApp/node_modules/chai/index.js:1557:27)\n    at Reflect.get (<anonymous>)\n    at Object.proxyGetter [as get] (file:///Users/moustafasuliman/QuranApp/node_modules/chai/index.js:1645:22)\n    at /Users/moustafasuliman/QuranApp/src/tests/api-integration.test.ts:287:42\n    at file:///Users/moustafasuliman/QuranApp/node_modules/@vitest/runner/dist/chunk-hooks.js:155:11\n    at file:///Users/moustafasuliman/QuranApp/node_modules/@vitest/runner/dist/chunk-hooks.js:752:26\n    at file:///Users/moustafasuliman/QuranApp/node_modules/@vitest/runner/dist/chunk-hooks.js:1897:20\n    at new Promise (<anonymous>)\n    at runWithTimeout (file:///Users/moustafasuliman/QuranApp/node_modules/@vitest/runner/dist/chunk-hooks.js:1863:10)"],"meta":{}},{"ancestorTitles":["API Integration Tests","Error Handling for API Failures"],"fullName":"API Integration Tests Error Handling for API Failures should handle empty API responses","status":"failed","title":"should handle empty API responses","duration":726.9947089999996,"failureMessages":["AssertionError: expected [ { number: 1, …(6) }, …(113) ] to deeply equal []\n    at /Users/moustafasuliman/QuranApp/src/tests/api-integration.test.ts:297:24\n    at processTicksAndRejections (node:internal/process/task_queues:105:5)\n    at file:///Users/moustafasuliman/QuranApp/node_modules/@vitest/runner/dist/chunk-hooks.js:752:20"],"meta":{}},{"ancestorTitles":["API Integration Tests","Error Handling for API Failures"],"fullName":"API Integration Tests Error Handling for API Failures should retry failed requests with exponential backoff","status":"failed","title":"should retry failed requests with exponential backoff","duration":107.88295899999957,"failureMessages":["Error: promise resolved \"[ { number: 1, …(6) }, …(113) ]\" instead of rejecting\n    at _Assertion.__VITEST_REJECTS__ (file:///Users/moustafasuliman/QuranApp/node_modules/@vitest/expect/dist/index.js:1610:17)\n    at _Assertion.propertyGetter (file:///Users/moustafasuliman/QuranApp/node_modules/chai/index.js:1557:27)\n    at Reflect.get (<anonymous>)\n    at Object.proxyGetter [as get] (file:///Users/moustafasuliman/QuranApp/node_modules/chai/index.js:1645:22)\n    at /Users/moustafasuliman/QuranApp/src/tests/api-integration.test.ts:311:42\n    at file:///Users/moustafasuliman/QuranApp/node_modules/@vitest/runner/dist/chunk-hooks.js:155:11\n    at file:///Users/moustafasuliman/QuranApp/node_modules/@vitest/runner/dist/chunk-hooks.js:752:26\n    at file:///Users/moustafasuliman/QuranApp/node_modules/@vitest/runner/dist/chunk-hooks.js:1897:20\n    at new Promise (<anonymous>)\n    at runWithTimeout (file:///Users/moustafasuliman/QuranApp/node_modules/@vitest/runner/dist/chunk-hooks.js:1863:10)"],"meta":{}},{"ancestorTitles":["API Integration Tests","Caching and Performance"],"fullName":"API Integration Tests Caching and Performance should cache API responses efficiently","status":"failed","title":"should cache API responses efficiently","duration":173.24462499999936,"failureMessages":["AssertionError: expected \"spy\" to be called 1 times, but got 0 times\n    at /Users/moustafasuliman/QuranApp/src/tests/api-integration.test.ts:333:25\n    at processTicksAndRejections (node:internal/process/task_queues:105:5)\n    at file:///Users/moustafasuliman/QuranApp/node_modules/@vitest/runner/dist/chunk-hooks.js:752:20"],"meta":{}},{"ancestorTitles":["API Integration Tests","Caching and Performance"],"fullName":"API Integration Tests Caching and Performance should expire cache after appropriate time","status":"passed","title":"should expire cache after appropriate time","duration":0.1589590000003227,"failureMessages":[],"meta":{}},{"ancestorTitles":["API Integration Tests","Caching and Performance"],"fullName":"API Integration Tests Caching and Performance should handle concurrent API requests efficiently","status":"passed","title":"should handle concurrent API requests efficiently","duration":439.6682090000004,"failureMessages":[],"meta":{}},{"ancestorTitles":["API Integration Tests","Caching and Performance"],"fullName":"API Integration Tests Caching and Performance should optimize memory usage with large datasets","status":"failed","title":"should optimize memory usage with large datasets","duration":122.73912500000006,"failureMessages":["AssertionError: expected [ { number: 1, …(10) }, …(49) ] to have a length of 286 but got 50\n    at Proxy.<anonymous> (file:///Users/moustafasuliman/QuranApp/node_modules/@vitest/expect/dist/index.js:1257:20)\n    at Proxy.<anonymous> (file:///Users/moustafasuliman/QuranApp/node_modules/@vitest/expect/dist/index.js:1029:14)\n    at Proxy.methodWrapper (file:///Users/moustafasuliman/QuranApp/node_modules/chai/index.js:1686:25)\n    at /Users/moustafasuliman/QuranApp/src/tests/api-integration.test.ts:395:29\n    at processTicksAndRejections (node:internal/process/task_queues:105:5)\n    at file:///Users/moustafasuliman/QuranApp/node_modules/@vitest/runner/dist/chunk-hooks.js:752:20"],"meta":{}},{"ancestorTitles":["API Integration Tests","Data Transformation Preserves Authenticity"],"fullName":"API Integration Tests Data Transformation Preserves Authenticity should preserve original Arabic text during transformation","status":"failed","title":"should preserve original Arabic text during transformation","duration":165.08079199999975,"failureMessages":["AssertionError: expected 'بِسْمِ ٱللَّهِ ٱلرَّحْمَـٰنِ ٱلرَّحِي…' to be 'بِسْمِ ٱللَّهِ ٱلرَّحْمَـٰنِ ٱلرَّحِي…' // Object.is equality\n    at /Users/moustafasuliman/QuranApp/src/tests/api-integration.test.ts:414:37\n    at processTicksAndRejections (node:internal/process/task_queues:105:5)\n    at file:///Users/moustafasuliman/QuranApp/node_modules/@vitest/runner/dist/chunk-hooks.js:752:20"],"meta":{}},{"ancestorTitles":["API Integration Tests","Data Transformation Preserves Authenticity"],"fullName":"API Integration Tests Data Transformation Preserves Authenticity should handle missing or null text fields gracefully","status":"failed","title":"should handle missing or null text fields gracefully","duration":96.66449999999986,"failureMessages":["AssertionError: expected 'بِسْمِ ٱللَّهِ ٱلرَّحْمَـٰنِ ٱلرَّحِي…' to be 'بِسْمِ ٱللَّهِ ٱلرَّحْمَـٰنِ ٱلرَّحِي…' // Object.is equality\n    at /Users/moustafasuliman/QuranApp/src/tests/api-integration.test.ts:446:37\n    at processTicksAndRejections (node:internal/process/task_queues:105:5)\n    at file:///Users/moustafasuliman/QuranApp/node_modules/@vitest/runner/dist/chunk-hooks.js:752:20"],"meta":{}},{"ancestorTitles":["API Integration Tests","Data Transformation Preserves Authenticity"],"fullName":"API Integration Tests Data Transformation Preserves Authenticity should maintain verse numbering consistency","status":"passed","title":"should maintain verse numbering consistency","duration":218.0971669999999,"failureMessages":[],"meta":{}},{"ancestorTitles":["API Integration Tests","Data Transformation Preserves Authenticity"],"fullName":"API Integration Tests Data Transformation Preserves Authenticity should preserve metadata integrity","status":"passed","title":"should preserve metadata integrity","duration":114.43387500000063,"failureMessages":[],"meta":{}},{"ancestorTitles":["API Integration Tests","Audio URL Generation"],"fullName":"API Integration Tests Audio URL Generation should generate correct audio URLs for verses","status":"failed","title":"should generate correct audio URLs for verses","duration":0.8601670000007289,"failureMessages":["AssertionError: expected 'https://everyayah.com/data/AbdurRahma…' to be 'https://cdn.islamic.network/quran/aud…' // Object.is equality\n    at /Users/moustafasuliman/QuranApp/src/tests/api-integration.test.ts:490:24\n    at file:///Users/moustafasuliman/QuranApp/node_modules/@vitest/runner/dist/chunk-hooks.js:155:11\n    at file:///Users/moustafasuliman/QuranApp/node_modules/@vitest/runner/dist/chunk-hooks.js:752:26\n    at file:///Users/moustafasuliman/QuranApp/node_modules/@vitest/runner/dist/chunk-hooks.js:1897:20\n    at new Promise (<anonymous>)\n    at runWithTimeout (file:///Users/moustafasuliman/QuranApp/node_modules/@vitest/runner/dist/chunk-hooks.js:1863:10)\n    at runTest (file:///Users/moustafasuliman/QuranApp/node_modules/@vitest/runner/dist/chunk-hooks.js:1574:12)\n    at processTicksAndRejections (node:internal/process/task_queues:105:5)\n    at runSuite (file:///Users/moustafasuliman/QuranApp/node_modules/@vitest/runner/dist/chunk-hooks.js:1729:8)\n    at runSuite (file:///Users/moustafasuliman/QuranApp/node_modules/@vitest/runner/dist/chunk-hooks.js:1729:8)"],"meta":{}},{"ancestorTitles":["API Integration Tests","Audio URL Generation"],"fullName":"API Integration Tests Audio URL Generation should generate correct chapter audio URLs","status":"failed","title":"should generate correct chapter audio URLs","duration":0.4234579999993002,"failureMessages":["AssertionError: expected 'https://everyayah.com/data/2/001.mp3' to be 'https://cdn.islamic.network/quran/aud…' // Object.is equality\n    at /Users/moustafasuliman/QuranApp/src/tests/api-integration.test.ts:498:26\n    at file:///Users/moustafasuliman/QuranApp/node_modules/@vitest/runner/dist/chunk-hooks.js:155:11\n    at file:///Users/moustafasuliman/QuranApp/node_modules/@vitest/runner/dist/chunk-hooks.js:752:26\n    at file:///Users/moustafasuliman/QuranApp/node_modules/@vitest/runner/dist/chunk-hooks.js:1897:20\n    at new Promise (<anonymous>)\n    at runWithTimeout (file:///Users/moustafasuliman/QuranApp/node_modules/@vitest/runner/dist/chunk-hooks.js:1863:10)\n    at runTest (file:///Users/moustafasuliman/QuranApp/node_modules/@vitest/runner/dist/chunk-hooks.js:1574:12)\n    at processTicksAndRejections (node:internal/process/task_queues:105:5)\n    at runSuite (file:///Users/moustafasuliman/QuranApp/node_modules/@vitest/runner/dist/chunk-hooks.js:1729:8)\n    at runSuite (file:///Users/moustafasuliman/QuranApp/node_modules/@vitest/runner/dist/chunk-hooks.js:1729:8)"],"meta":{}},{"ancestorTitles":["API Integration Tests","Audio URL Generation"],"fullName":"API Integration Tests Audio URL Generation should handle edge cases in URL generation","status":"passed","title":"should handle edge cases in URL generation","duration":0.19579200000043784,"failureMessages":[],"meta":{}},{"ancestorTitles":["API Integration Tests","Reciters API Integration"],"fullName":"API Integration Tests Reciters API Integration should fetch and transform reciter data correctly","status":"failed","title":"should fetch and transform reciter data correctly","duration":205.64987499999916,"failureMessages":["AssertionError: expected [ { id: '2', …(4) }, …(11) ] to have a length of 2 but got 12\n    at Proxy.<anonymous> (file:///Users/moustafasuliman/QuranApp/node_modules/@vitest/expect/dist/index.js:1257:20)\n    at Proxy.<anonymous> (file:///Users/moustafasuliman/QuranApp/node_modules/@vitest/expect/dist/index.js:1029:14)\n    at Proxy.methodWrapper (file:///Users/moustafasuliman/QuranApp/node_modules/chai/index.js:1686:25)\n    at /Users/moustafasuliman/QuranApp/src/tests/api-integration.test.ts:524:24\n    at processTicksAndRejections (node:internal/process/task_queues:105:5)\n    at file:///Users/moustafasuliman/QuranApp/node_modules/@vitest/runner/dist/chunk-hooks.js:752:20"],"meta":{}},{"ancestorTitles":["API Integration Tests","Reciters API Integration"],"fullName":"API Integration Tests Reciters API Integration should handle reciter API failures gracefully","status":"failed","title":"should handle reciter API failures gracefully","duration":163.05012499999975,"failureMessages":["Error: promise resolved \"[ { id: '2', …(4) }, …(11) ]\" instead of rejecting\n    at _Assertion.__VITEST_REJECTS__ (file:///Users/moustafasuliman/QuranApp/node_modules/@vitest/expect/dist/index.js:1610:17)\n    at _Assertion.propertyGetter (file:///Users/moustafasuliman/QuranApp/node_modules/chai/index.js:1557:27)\n    at Reflect.get (<anonymous>)\n    at Object.proxyGetter [as get] (file:///Users/moustafasuliman/QuranApp/node_modules/chai/index.js:1645:22)\n    at /Users/moustafasuliman/QuranApp/src/tests/api-integration.test.ts:533:42\n    at file:///Users/moustafasuliman/QuranApp/node_modules/@vitest/runner/dist/chunk-hooks.js:155:11\n    at file:///Users/moustafasuliman/QuranApp/node_modules/@vitest/runner/dist/chunk-hooks.js:752:26\n    at file:///Users/moustafasuliman/QuranApp/node_modules/@vitest/runner/dist/chunk-hooks.js:1897:20\n    at new Promise (<anonymous>)\n    at runWithTimeout (file:///Users/moustafasuliman/QuranApp/node_modules/@vitest/runner/dist/chunk-hooks.js:1863:10)"],"meta":{}},{"ancestorTitles":["API Integration Tests","Search Functionality"],"fullName":"API Integration Tests Search Functionality should search verses with proper Arabic encoding","status":"failed","title":"should search verses with proper Arabic encoding","duration":154.54075000000012,"failureMessages":["AssertionError: expected [ { number: undefined, …(10) }, …(19) ] to have a length of 1 but got 20\n    at Proxy.<anonymous> (file:///Users/moustafasuliman/QuranApp/node_modules/@vitest/expect/dist/index.js:1257:20)\n    at Proxy.<anonymous> (file:///Users/moustafasuliman/QuranApp/node_modules/@vitest/expect/dist/index.js:1029:14)\n    at Proxy.methodWrapper (file:///Users/moustafasuliman/QuranApp/node_modules/chai/index.js:1686:25)\n    at /Users/moustafasuliman/QuranApp/src/tests/api-integration.test.ts:561:30\n    at processTicksAndRejections (node:internal/process/task_queues:105:5)\n    at file:///Users/moustafasuliman/QuranApp/node_modules/@vitest/runner/dist/chunk-hooks.js:752:20"],"meta":{}},{"ancestorTitles":["API Integration Tests","Performance Monitoring"],"fullName":"API Integration Tests Performance Monitoring should complete API calls within reasonable time","status":"passed","title":"should complete API calls within reasonable time","duration":184.6777090000014,"failureMessages":[],"meta":{}},{"ancestorTitles":["API Integration Tests","Performance Monitoring"],"fullName":"API Integration Tests Performance Monitoring should handle multiple concurrent requests efficiently","status":"passed","title":"should handle multiple concurrent requests efficiently","duration":98.60120800000004,"failureMessages":[],"meta":{}}],"startTime":1760952682238,"endTime":1760952689444.6013,"status":"failed","message":"","name":"/Users/moustafasuliman/QuranApp/src/tests/api-integration.test.ts"},{"assertionResults":[],"startTime":1760952680032,"endTime":1760952680032,"status":"failed","message":"describe is not defined","name":"/Users/moustafasuliman/QuranApp/src/tests/api-verification.test.ts"},{"assertionResults":[{"ancestorTitles":["Continuous Improvement System","Analytics Store"],"fullName":"Continuous Improvement System Analytics Store should track user interactions correctly","status":"failed","title":"should track user interactions correctly","duration":4.991375000000062,"failureMessages":["ReferenceError: document is not defined\n    at render (/Users/moustafasuliman/QuranApp/node_modules/@testing-library/react/dist/pure.js:257:5)\n    at renderHook (/Users/moustafasuliman/QuranApp/node_modules/@testing-library/react/dist/pure.js:340:7)\n    at /Users/moustafasuliman/QuranApp/src/tests/continuousImprovement.test.ts:106:26\n    at file:///Users/moustafasuliman/QuranApp/node_modules/@vitest/runner/dist/chunk-hooks.js:155:11\n    at file:///Users/moustafasuliman/QuranApp/node_modules/@vitest/runner/dist/chunk-hooks.js:752:26\n    at file:///Users/moustafasuliman/QuranApp/node_modules/@vitest/runner/dist/chunk-hooks.js:1897:20\n    at new Promise (<anonymous>)\n    at runWithTimeout (file:///Users/moustafasuliman/QuranApp/node_modules/@vitest/runner/dist/chunk-hooks.js:1863:10)\n    at runTest (file:///Users/moustafasuliman/QuranApp/node_modules/@vitest/runner/dist/chunk-hooks.js:1574:12)\n    at processTicksAndRejections (node:internal/process/task_queues:105:5)"],"meta":{}},{"ancestorTitles":["Continuous Improvement System","Analytics Store"],"fullName":"Continuous Improvement System Analytics Store should update feature utilization tracking","status":"failed","title":"should update feature utilization tracking","duration":0.3611249999999018,"failureMessages":["ReferenceError: document is not defined\n    at render (/Users/moustafasuliman/QuranApp/node_modules/@testing-library/react/dist/pure.js:257:5)\n    at renderHook (/Users/moustafasuliman/QuranApp/node_modules/@testing-library/react/dist/pure.js:340:7)\n    at /Users/moustafasuliman/QuranApp/src/tests/continuousImprovement.test.ts:117:26\n    at file:///Users/moustafasuliman/QuranApp/node_modules/@vitest/runner/dist/chunk-hooks.js:155:11\n    at file:///Users/moustafasuliman/QuranApp/node_modules/@vitest/runner/dist/chunk-hooks.js:752:26\n    at file:///Users/moustafasuliman/QuranApp/node_modules/@vitest/runner/dist/chunk-hooks.js:1897:20\n    at new Promise (<anonymous>)\n    at runWithTimeout (file:///Users/moustafasuliman/QuranApp/node_modules/@vitest/runner/dist/chunk-hooks.js:1863:10)\n    at runTest (file:///Users/moustafasuliman/QuranApp/node_modules/@vitest/runner/dist/chunk-hooks.js:1574:12)\n    at processTicksAndRejections (node:internal/process/task_queues:105:5)"],"meta":{}},{"ancestorTitles":["Continuous Improvement System","Analytics Store"],"fullName":"Continuous Improvement System Analytics Store should track performance metrics","status":"failed","title":"should track performance metrics","duration":0.2263329999996131,"failureMessages":["ReferenceError: document is not defined\n    at render (/Users/moustafasuliman/QuranApp/node_modules/@testing-library/react/dist/pure.js:257:5)\n    at renderHook (/Users/moustafasuliman/QuranApp/node_modules/@testing-library/react/dist/pure.js:340:7)\n    at /Users/moustafasuliman/QuranApp/src/tests/continuousImprovement.test.ts:131:26\n    at file:///Users/moustafasuliman/QuranApp/node_modules/@vitest/runner/dist/chunk-hooks.js:155:11\n    at file:///Users/moustafasuliman/QuranApp/node_modules/@vitest/runner/dist/chunk-hooks.js:752:26\n    at file:///Users/moustafasuliman/QuranApp/node_modules/@vitest/runner/dist/chunk-hooks.js:1897:20\n    at new Promise (<anonymous>)\n    at runWithTimeout (file:///Users/moustafasuliman/QuranApp/node_modules/@vitest/runner/dist/chunk-hooks.js:1863:10)\n    at runTest (file:///Users/moustafasuliman/QuranApp/node_modules/@vitest/runner/dist/chunk-hooks.js:1574:12)\n    at processTicksAndRejections (node:internal/process/task_queues:105:5)"],"meta":{}},{"ancestorTitles":["Continuous Improvement System","Analytics Store"],"fullName":"Continuous Improvement System Analytics Store should identify usage patterns","status":"failed","title":"should identify usage patterns","duration":0.22783300000037343,"failureMessages":["ReferenceError: document is not defined\n    at render (/Users/moustafasuliman/QuranApp/node_modules/@testing-library/react/dist/pure.js:257:5)\n    at renderHook (/Users/moustafasuliman/QuranApp/node_modules/@testing-library/react/dist/pure.js:340:7)\n    at /Users/moustafasuliman/QuranApp/src/tests/continuousImprovement.test.ts:141:26\n    at file:///Users/moustafasuliman/QuranApp/node_modules/@vitest/runner/dist/chunk-hooks.js:155:11\n    at file:///Users/moustafasuliman/QuranApp/node_modules/@vitest/runner/dist/chunk-hooks.js:752:26\n    at file:///Users/moustafasuliman/QuranApp/node_modules/@vitest/runner/dist/chunk-hooks.js:1897:20\n    at new Promise (<anonymous>)\n    at runWithTimeout (file:///Users/moustafasuliman/QuranApp/node_modules/@vitest/runner/dist/chunk-hooks.js:1863:10)\n    at runTest (file:///Users/moustafasuliman/QuranApp/node_modules/@vitest/runner/dist/chunk-hooks.js:1574:12)\n    at processTicksAndRejections (node:internal/process/task_queues:105:5)"],"meta":{}},{"ancestorTitles":["Continuous Improvement System","Analytics Store"],"fullName":"Continuous Improvement System Analytics Store should track learning effectiveness","status":"failed","title":"should track learning effectiveness","duration":0.18104100000027756,"failureMessages":["ReferenceError: document is not defined\n    at render (/Users/moustafasuliman/QuranApp/node_modules/@testing-library/react/dist/pure.js:257:5)\n    at renderHook (/Users/moustafasuliman/QuranApp/node_modules/@testing-library/react/dist/pure.js:340:7)\n    at /Users/moustafasuliman/QuranApp/src/tests/continuousImprovement.test.ts:162:26\n    at file:///Users/moustafasuliman/QuranApp/node_modules/@vitest/runner/dist/chunk-hooks.js:155:11\n    at file:///Users/moustafasuliman/QuranApp/node_modules/@vitest/runner/dist/chunk-hooks.js:752:26\n    at file:///Users/moustafasuliman/QuranApp/node_modules/@vitest/runner/dist/chunk-hooks.js:1897:20\n    at new Promise (<anonymous>)\n    at runWithTimeout (file:///Users/moustafasuliman/QuranApp/node_modules/@vitest/runner/dist/chunk-hooks.js:1863:10)\n    at runTest (file:///Users/moustafasuliman/QuranApp/node_modules/@vitest/runner/dist/chunk-hooks.js:1574:12)\n    at processTicksAndRejections (node:internal/process/task_queues:105:5)"],"meta":{}},{"ancestorTitles":["Continuous Improvement System","Optimization Engine Store"],"fullName":"Continuous Improvement System Optimization Engine Store should add and apply optimization rules","status":"failed","title":"should add and apply optimization rules","duration":0.1711249999998472,"failureMessages":["ReferenceError: document is not defined\n    at render (/Users/moustafasuliman/QuranApp/node_modules/@testing-library/react/dist/pure.js:257:5)\n    at renderHook (/Users/moustafasuliman/QuranApp/node_modules/@testing-library/react/dist/pure.js:340:7)\n    at /Users/moustafasuliman/QuranApp/src/tests/continuousImprovement.test.ts:184:26\n    at file:///Users/moustafasuliman/QuranApp/node_modules/@vitest/runner/dist/chunk-hooks.js:155:11\n    at file:///Users/moustafasuliman/QuranApp/node_modules/@vitest/runner/dist/chunk-hooks.js:752:26\n    at file:///Users/moustafasuliman/QuranApp/node_modules/@vitest/runner/dist/chunk-hooks.js:1897:20\n    at new Promise (<anonymous>)\n    at runWithTimeout (file:///Users/moustafasuliman/QuranApp/node_modules/@vitest/runner/dist/chunk-hooks.js:1863:10)\n    at runTest (file:///Users/moustafasuliman/QuranApp/node_modules/@vitest/runner/dist/chunk-hooks.js:1574:12)\n    at processTicksAndRejections (node:internal/process/task_queues:105:5)"],"meta":{}},{"ancestorTitles":["Continuous Improvement System","Optimization Engine Store"],"fullName":"Continuous Improvement System Optimization Engine Store should optimize smart caching","status":"failed","title":"should optimize smart caching","duration":0.15875000000005457,"failureMessages":["ReferenceError: document is not defined\n    at render (/Users/moustafasuliman/QuranApp/node_modules/@testing-library/react/dist/pure.js:257:5)\n    at renderHook (/Users/moustafasuliman/QuranApp/node_modules/@testing-library/react/dist/pure.js:340:7)\n    at /Users/moustafasuliman/QuranApp/src/tests/continuousImprovement.test.ts:203:26\n    at file:///Users/moustafasuliman/QuranApp/node_modules/@vitest/runner/dist/chunk-hooks.js:155:11\n    at file:///Users/moustafasuliman/QuranApp/node_modules/@vitest/runner/dist/chunk-hooks.js:752:26\n    at file:///Users/moustafasuliman/QuranApp/node_modules/@vitest/runner/dist/chunk-hooks.js:1897:20\n    at new Promise (<anonymous>)\n    at runWithTimeout (file:///Users/moustafasuliman/QuranApp/node_modules/@vitest/runner/dist/chunk-hooks.js:1863:10)\n    at runTest (file:///Users/moustafasuliman/QuranApp/node_modules/@vitest/runner/dist/chunk-hooks.js:1574:12)\n    at processTicksAndRejections (node:internal/process/task_queues:105:5)"],"meta":{}},{"ancestorTitles":["Continuous Improvement System","Optimization Engine Store"],"fullName":"Continuous Improvement System Optimization Engine Store should analyze UI patterns","status":"failed","title":"should analyze UI patterns","duration":0.1548330000000533,"failureMessages":["ReferenceError: document is not defined\n    at render (/Users/moustafasuliman/QuranApp/node_modules/@testing-library/react/dist/pure.js:257:5)\n    at renderHook (/Users/moustafasuliman/QuranApp/node_modules/@testing-library/react/dist/pure.js:340:7)\n    at /Users/moustafasuliman/QuranApp/src/tests/continuousImprovement.test.ts:213:26\n    at file:///Users/moustafasuliman/QuranApp/node_modules/@vitest/runner/dist/chunk-hooks.js:155:11\n    at file:///Users/moustafasuliman/QuranApp/node_modules/@vitest/runner/dist/chunk-hooks.js:752:26\n    at file:///Users/moustafasuliman/QuranApp/node_modules/@vitest/runner/dist/chunk-hooks.js:1897:20\n    at new Promise (<anonymous>)\n    at runWithTimeout (file:///Users/moustafasuliman/QuranApp/node_modules/@vitest/runner/dist/chunk-hooks.js:1863:10)\n    at runTest (file:///Users/moustafasuliman/QuranApp/node_modules/@vitest/runner/dist/chunk-hooks.js:1574:12)\n    at processTicksAndRejections (node:internal/process/task_queues:105:5)"],"meta":{}},{"ancestorTitles":["Continuous Improvement System","Optimization Engine Store"],"fullName":"Continuous Improvement System Optimization Engine Store should optimize memorization settings","status":"failed","title":"should optimize memorization settings","duration":0.16000000000030923,"failureMessages":["ReferenceError: document is not defined\n    at render (/Users/moustafasuliman/QuranApp/node_modules/@testing-library/react/dist/pure.js:257:5)\n    at renderHook (/Users/moustafasuliman/QuranApp/node_modules/@testing-library/react/dist/pure.js:340:7)\n    at /Users/moustafasuliman/QuranApp/src/tests/continuousImprovement.test.ts:222:26\n    at file:///Users/moustafasuliman/QuranApp/node_modules/@vitest/runner/dist/chunk-hooks.js:155:11\n    at file:///Users/moustafasuliman/QuranApp/node_modules/@vitest/runner/dist/chunk-hooks.js:752:26\n    at file:///Users/moustafasuliman/QuranApp/node_modules/@vitest/runner/dist/chunk-hooks.js:1897:20\n    at new Promise (<anonymous>)\n    at runWithTimeout (file:///Users/moustafasuliman/QuranApp/node_modules/@vitest/runner/dist/chunk-hooks.js:1863:10)\n    at runTest (file:///Users/moustafasuliman/QuranApp/node_modules/@vitest/runner/dist/chunk-hooks.js:1574:12)\n    at processTicksAndRejections (node:internal/process/task_queues:105:5)"],"meta":{}},{"ancestorTitles":["Continuous Improvement System","Performance Monitor Store"],"fullName":"Continuous Improvement System Performance Monitor Store should measure page load performance","status":"failed","title":"should measure page load performance","duration":0.18299999999999272,"failureMessages":["ReferenceError: document is not defined\n    at render (/Users/moustafasuliman/QuranApp/node_modules/@testing-library/react/dist/pure.js:257:5)\n    at renderHook (/Users/moustafasuliman/QuranApp/node_modules/@testing-library/react/dist/pure.js:340:7)\n    at /Users/moustafasuliman/QuranApp/src/tests/continuousImprovement.test.ts:241:26\n    at file:///Users/moustafasuliman/QuranApp/node_modules/@vitest/runner/dist/chunk-hooks.js:155:11\n    at file:///Users/moustafasuliman/QuranApp/node_modules/@vitest/runner/dist/chunk-hooks.js:752:26\n    at file:///Users/moustafasuliman/QuranApp/node_modules/@vitest/runner/dist/chunk-hooks.js:1897:20\n    at new Promise (<anonymous>)\n    at runWithTimeout (file:///Users/moustafasuliman/QuranApp/node_modules/@vitest/runner/dist/chunk-hooks.js:1863:10)\n    at runTest (file:///Users/moustafasuliman/QuranApp/node_modules/@vitest/runner/dist/chunk-hooks.js:1574:12)\n    at processTicksAndRejections (node:internal/process/task_queues:105:5)"],"meta":{}},{"ancestorTitles":["Continuous Improvement System","Performance Monitor Store"],"fullName":"Continuous Improvement System Performance Monitor Store should track Core Web Vitals","status":"failed","title":"should track Core Web Vitals","duration":0.15804099999968457,"failureMessages":["ReferenceError: document is not defined\n    at render (/Users/moustafasuliman/QuranApp/node_modules/@testing-library/react/dist/pure.js:257:5)\n    at renderHook (/Users/moustafasuliman/QuranApp/node_modules/@testing-library/react/dist/pure.js:340:7)\n    at /Users/moustafasuliman/QuranApp/src/tests/continuousImprovement.test.ts:252:26\n    at file:///Users/moustafasuliman/QuranApp/node_modules/@vitest/runner/dist/chunk-hooks.js:155:11\n    at file:///Users/moustafasuliman/QuranApp/node_modules/@vitest/runner/dist/chunk-hooks.js:752:26\n    at file:///Users/moustafasuliman/QuranApp/node_modules/@vitest/runner/dist/chunk-hooks.js:1897:20\n    at new Promise (<anonymous>)\n    at runWithTimeout (file:///Users/moustafasuliman/QuranApp/node_modules/@vitest/runner/dist/chunk-hooks.js:1863:10)\n    at runTest (file:///Users/moustafasuliman/QuranApp/node_modules/@vitest/runner/dist/chunk-hooks.js:1574:12)\n    at processTicksAndRejections (node:internal/process/task_queues:105:5)"],"meta":{}},{"ancestorTitles":["Continuous Improvement System","Performance Monitor Store"],"fullName":"Continuous Improvement System Performance Monitor Store should measure memory usage","status":"failed","title":"should measure memory usage","duration":0.12800000000015643,"failureMessages":["ReferenceError: document is not defined\n    at render (/Users/moustafasuliman/QuranApp/node_modules/@testing-library/react/dist/pure.js:257:5)\n    at renderHook (/Users/moustafasuliman/QuranApp/node_modules/@testing-library/react/dist/pure.js:340:7)\n    at /Users/moustafasuliman/QuranApp/src/tests/continuousImprovement.test.ts:268:26\n    at file:///Users/moustafasuliman/QuranApp/node_modules/@vitest/runner/dist/chunk-hooks.js:155:11\n    at file:///Users/moustafasuliman/QuranApp/node_modules/@vitest/runner/dist/chunk-hooks.js:752:26\n    at file:///Users/moustafasuliman/QuranApp/node_modules/@vitest/runner/dist/chunk-hooks.js:1897:20\n    at new Promise (<anonymous>)\n    at runWithTimeout (file:///Users/moustafasuliman/QuranApp/node_modules/@vitest/runner/dist/chunk-hooks.js:1863:10)\n    at runTest (file:///Users/moustafasuliman/QuranApp/node_modules/@vitest/runner/dist/chunk-hooks.js:1574:12)\n    at processTicksAndRejections (node:internal/process/task_queues:105:5)"],"meta":{}},{"ancestorTitles":["Continuous Improvement System","Performance Monitor Store"],"fullName":"Continuous Improvement System Performance Monitor Store should generate optimization suggestions","status":"failed","title":"should generate optimization suggestions","duration":0.12683300000026065,"failureMessages":["ReferenceError: document is not defined\n    at render (/Users/moustafasuliman/QuranApp/node_modules/@testing-library/react/dist/pure.js:257:5)\n    at renderHook (/Users/moustafasuliman/QuranApp/node_modules/@testing-library/react/dist/pure.js:340:7)\n    at /Users/moustafasuliman/QuranApp/src/tests/continuousImprovement.test.ts:278:26\n    at file:///Users/moustafasuliman/QuranApp/node_modules/@vitest/runner/dist/chunk-hooks.js:155:11\n    at file:///Users/moustafasuliman/QuranApp/node_modules/@vitest/runner/dist/chunk-hooks.js:752:26\n    at file:///Users/moustafasuliman/QuranApp/node_modules/@vitest/runner/dist/chunk-hooks.js:1897:20\n    at new Promise (<anonymous>)\n    at runWithTimeout (file:///Users/moustafasuliman/QuranApp/node_modules/@vitest/runner/dist/chunk-hooks.js:1863:10)\n    at runTest (file:///Users/moustafasuliman/QuranApp/node_modules/@vitest/runner/dist/chunk-hooks.js:1574:12)\n    at processTicksAndRejections (node:internal/process/task_queues:105:5)"],"meta":{}},{"ancestorTitles":["Continuous Improvement System","Islamic Content Quality Store"],"fullName":"Continuous Improvement System Islamic Content Quality Store should validate Arabic text quality","status":"failed","title":"should validate Arabic text quality","duration":0.15779199999997218,"failureMessages":["ReferenceError: document is not defined\n    at render (/Users/moustafasuliman/QuranApp/node_modules/@testing-library/react/dist/pure.js:257:5)\n    at renderHook (/Users/moustafasuliman/QuranApp/node_modules/@testing-library/react/dist/pure.js:340:7)\n    at /Users/moustafasuliman/QuranApp/src/tests/continuousImprovement.test.ts:299:26\n    at file:///Users/moustafasuliman/QuranApp/node_modules/@vitest/runner/dist/chunk-hooks.js:155:11\n    at file:///Users/moustafasuliman/QuranApp/node_modules/@vitest/runner/dist/chunk-hooks.js:752:26\n    at file:///Users/moustafasuliman/QuranApp/node_modules/@vitest/runner/dist/chunk-hooks.js:1897:20\n    at new Promise (<anonymous>)\n    at runWithTimeout (file:///Users/moustafasuliman/QuranApp/node_modules/@vitest/runner/dist/chunk-hooks.js:1863:10)\n    at runTest (file:///Users/moustafasuliman/QuranApp/node_modules/@vitest/runner/dist/chunk-hooks.js:1574:12)\n    at processTicksAndRejections (node:internal/process/task_queues:105:5)"],"meta":{}},{"ancestorTitles":["Continuous Improvement System","Islamic Content Quality Store"],"fullName":"Continuous Improvement System Islamic Content Quality Store should add and validate Islamic content rules","status":"failed","title":"should add and validate Islamic content rules","duration":0.14724999999998545,"failureMessages":["ReferenceError: document is not defined\n    at render (/Users/moustafasuliman/QuranApp/node_modules/@testing-library/react/dist/pure.js:257:5)\n    at renderHook (/Users/moustafasuliman/QuranApp/node_modules/@testing-library/react/dist/pure.js:340:7)\n    at /Users/moustafasuliman/QuranApp/src/tests/continuousImprovement.test.ts:314:26\n    at file:///Users/moustafasuliman/QuranApp/node_modules/@vitest/runner/dist/chunk-hooks.js:155:11\n    at file:///Users/moustafasuliman/QuranApp/node_modules/@vitest/runner/dist/chunk-hooks.js:752:26\n    at file:///Users/moustafasuliman/QuranApp/node_modules/@vitest/runner/dist/chunk-hooks.js:1897:20\n    at new Promise (<anonymous>)\n    at runWithTimeout (file:///Users/moustafasuliman/QuranApp/node_modules/@vitest/runner/dist/chunk-hooks.js:1863:10)\n    at runTest (file:///Users/moustafasuliman/QuranApp/node_modules/@vitest/runner/dist/chunk-hooks.js:1574:12)\n    at processTicksAndRejections (node:internal/process/task_queues:105:5)"],"meta":{}},{"ancestorTitles":["Continuous Improvement System","Islamic Content Quality Store"],"fullName":"Continuous Improvement System Islamic Content Quality Store should check citation format compliance","status":"failed","title":"should check citation format compliance","duration":0.12654199999997218,"failureMessages":["ReferenceError: document is not defined\n    at render (/Users/moustafasuliman/QuranApp/node_modules/@testing-library/react/dist/pure.js:257:5)\n    at renderHook (/Users/moustafasuliman/QuranApp/node_modules/@testing-library/react/dist/pure.js:340:7)\n    at /Users/moustafasuliman/QuranApp/src/tests/continuousImprovement.test.ts:332:26\n    at file:///Users/moustafasuliman/QuranApp/node_modules/@vitest/runner/dist/chunk-hooks.js:155:11\n    at file:///Users/moustafasuliman/QuranApp/node_modules/@vitest/runner/dist/chunk-hooks.js:752:26\n    at file:///Users/moustafasuliman/QuranApp/node_modules/@vitest/runner/dist/chunk-hooks.js:1897:20\n    at new Promise (<anonymous>)\n    at runWithTimeout (file:///Users/moustafasuliman/QuranApp/node_modules/@vitest/runner/dist/chunk-hooks.js:1863:10)\n    at runTest (file:///Users/moustafasuliman/QuranApp/node_modules/@vitest/runner/dist/chunk-hooks.js:1574:12)\n    at processTicksAndRejections (node:internal/process/task_queues:105:5)"],"meta":{}},{"ancestorTitles":["Continuous Improvement System","Islamic Content Quality Store"],"fullName":"Continuous Improvement System Islamic Content Quality Store should assess cultural sensitivity","status":"failed","title":"should assess cultural sensitivity","duration":0.11937499999976353,"failureMessages":["ReferenceError: document is not defined\n    at render (/Users/moustafasuliman/QuranApp/node_modules/@testing-library/react/dist/pure.js:257:5)\n    at renderHook (/Users/moustafasuliman/QuranApp/node_modules/@testing-library/react/dist/pure.js:340:7)\n    at /Users/moustafasuliman/QuranApp/src/tests/continuousImprovement.test.ts:341:26\n    at file:///Users/moustafasuliman/QuranApp/node_modules/@vitest/runner/dist/chunk-hooks.js:155:11\n    at file:///Users/moustafasuliman/QuranApp/node_modules/@vitest/runner/dist/chunk-hooks.js:752:26\n    at file:///Users/moustafasuliman/QuranApp/node_modules/@vitest/runner/dist/chunk-hooks.js:1897:20\n    at new Promise (<anonymous>)\n    at runWithTimeout (file:///Users/moustafasuliman/QuranApp/node_modules/@vitest/runner/dist/chunk-hooks.js:1863:10)\n    at runTest (file:///Users/moustafasuliman/QuranApp/node_modules/@vitest/runner/dist/chunk-hooks.js:1574:12)\n    at processTicksAndRejections (node:internal/process/task_queues:105:5)"],"meta":{}},{"ancestorTitles":["Continuous Improvement System","Predictive Enhancement Store"],"fullName":"Continuous Improvement System Predictive Enhancement Store should predict user behavior","status":"failed","title":"should predict user behavior","duration":0.12587500000017826,"failureMessages":["ReferenceError: document is not defined\n    at render (/Users/moustafasuliman/QuranApp/node_modules/@testing-library/react/dist/pure.js:257:5)\n    at renderHook (/Users/moustafasuliman/QuranApp/node_modules/@testing-library/react/dist/pure.js:340:7)\n    at /Users/moustafasuliman/QuranApp/src/tests/continuousImprovement.test.ts:354:26\n    at file:///Users/moustafasuliman/QuranApp/node_modules/@vitest/runner/dist/chunk-hooks.js:155:11\n    at file:///Users/moustafasuliman/QuranApp/node_modules/@vitest/runner/dist/chunk-hooks.js:752:26\n    at file:///Users/moustafasuliman/QuranApp/node_modules/@vitest/runner/dist/chunk-hooks.js:1897:20\n    at new Promise (<anonymous>)\n    at runWithTimeout (file:///Users/moustafasuliman/QuranApp/node_modules/@vitest/runner/dist/chunk-hooks.js:1863:10)\n    at runTest (file:///Users/moustafasuliman/QuranApp/node_modules/@vitest/runner/dist/chunk-hooks.js:1574:12)\n    at processTicksAndRejections (node:internal/process/task_queues:105:5)"],"meta":{}},{"ancestorTitles":["Continuous Improvement System","Predictive Enhancement Store"],"fullName":"Continuous Improvement System Predictive Enhancement Store should identify future needs","status":"failed","title":"should identify future needs","duration":0.11466699999982666,"failureMessages":["ReferenceError: document is not defined\n    at render (/Users/moustafasuliman/QuranApp/node_modules/@testing-library/react/dist/pure.js:257:5)\n    at renderHook (/Users/moustafasuliman/QuranApp/node_modules/@testing-library/react/dist/pure.js:340:7)\n    at /Users/moustafasuliman/QuranApp/src/tests/continuousImprovement.test.ts:370:26\n    at file:///Users/moustafasuliman/QuranApp/node_modules/@vitest/runner/dist/chunk-hooks.js:155:11\n    at file:///Users/moustafasuliman/QuranApp/node_modules/@vitest/runner/dist/chunk-hooks.js:752:26\n    at file:///Users/moustafasuliman/QuranApp/node_modules/@vitest/runner/dist/chunk-hooks.js:1897:20\n    at new Promise (<anonymous>)\n    at runWithTimeout (file:///Users/moustafasuliman/QuranApp/node_modules/@vitest/runner/dist/chunk-hooks.js:1863:10)\n    at runTest (file:///Users/moustafasuliman/QuranApp/node_modules/@vitest/runner/dist/chunk-hooks.js:1574:12)\n    at processTicksAndRejections (node:internal/process/task_queues:105:5)"],"meta":{}},{"ancestorTitles":["Continuous Improvement System","Predictive Enhancement Store"],"fullName":"Continuous Improvement System Predictive Enhancement Store should generate adaptive recommendations","status":"failed","title":"should generate adaptive recommendations","duration":0.11479199999985212,"failureMessages":["ReferenceError: document is not defined\n    at render (/Users/moustafasuliman/QuranApp/node_modules/@testing-library/react/dist/pure.js:257:5)\n    at renderHook (/Users/moustafasuliman/QuranApp/node_modules/@testing-library/react/dist/pure.js:340:7)\n    at /Users/moustafasuliman/QuranApp/src/tests/continuousImprovement.test.ts:382:26\n    at file:///Users/moustafasuliman/QuranApp/node_modules/@vitest/runner/dist/chunk-hooks.js:155:11\n    at file:///Users/moustafasuliman/QuranApp/node_modules/@vitest/runner/dist/chunk-hooks.js:752:26\n    at file:///Users/moustafasuliman/QuranApp/node_modules/@vitest/runner/dist/chunk-hooks.js:1897:20\n    at new Promise (<anonymous>)\n    at runWithTimeout (file:///Users/moustafasuliman/QuranApp/node_modules/@vitest/runner/dist/chunk-hooks.js:1863:10)\n    at runTest (file:///Users/moustafasuliman/QuranApp/node_modules/@vitest/runner/dist/chunk-hooks.js:1574:12)\n    at processTicksAndRejections (node:internal/process/task_queues:105:5)"],"meta":{}},{"ancestorTitles":["Continuous Improvement System","Predictive Enhancement Store"],"fullName":"Continuous Improvement System Predictive Enhancement Store should update prediction models","status":"failed","title":"should update prediction models","duration":0.11995900000010806,"failureMessages":["ReferenceError: document is not defined\n    at render (/Users/moustafasuliman/QuranApp/node_modules/@testing-library/react/dist/pure.js:257:5)\n    at renderHook (/Users/moustafasuliman/QuranApp/node_modules/@testing-library/react/dist/pure.js:340:7)\n    at /Users/moustafasuliman/QuranApp/src/tests/continuousImprovement.test.ts:394:26\n    at file:///Users/moustafasuliman/QuranApp/node_modules/@vitest/runner/dist/chunk-hooks.js:155:11\n    at file:///Users/moustafasuliman/QuranApp/node_modules/@vitest/runner/dist/chunk-hooks.js:752:26\n    at file:///Users/moustafasuliman/QuranApp/node_modules/@vitest/runner/dist/chunk-hooks.js:1897:20\n    at new Promise (<anonymous>)\n    at runWithTimeout (file:///Users/moustafasuliman/QuranApp/node_modules/@vitest/runner/dist/chunk-hooks.js:1863:10)\n    at runTest (file:///Users/moustafasuliman/QuranApp/node_modules/@vitest/runner/dist/chunk-hooks.js:1574:12)\n    at processTicksAndRejections (node:internal/process/task_queues:105:5)"],"meta":{}},{"ancestorTitles":["Continuous Improvement System","Continuous Improvement Hook"],"fullName":"Continuous Improvement System Continuous Improvement Hook should initialize correctly","status":"failed","title":"should initialize correctly","duration":0.12070899999980611,"failureMessages":["ReferenceError: document is not defined\n    at render (/Users/moustafasuliman/QuranApp/node_modules/@testing-library/react/dist/pure.js:257:5)\n    at renderHook (/Users/moustafasuliman/QuranApp/node_modules/@testing-library/react/dist/pure.js:340:7)\n    at /Users/moustafasuliman/QuranApp/src/tests/continuousImprovement.test.ts:413:26\n    at file:///Users/moustafasuliman/QuranApp/node_modules/@vitest/runner/dist/chunk-hooks.js:155:11\n    at file:///Users/moustafasuliman/QuranApp/node_modules/@vitest/runner/dist/chunk-hooks.js:752:26\n    at file:///Users/moustafasuliman/QuranApp/node_modules/@vitest/runner/dist/chunk-hooks.js:1897:20\n    at new Promise (<anonymous>)\n    at runWithTimeout (file:///Users/moustafasuliman/QuranApp/node_modules/@vitest/runner/dist/chunk-hooks.js:1863:10)\n    at runTest (file:///Users/moustafasuliman/QuranApp/node_modules/@vitest/runner/dist/chunk-hooks.js:1574:12)\n    at processTicksAndRejections (node:internal/process/task_queues:105:5)"],"meta":{}},{"ancestorTitles":["Continuous Improvement System","Continuous Improvement Hook"],"fullName":"Continuous Improvement System Continuous Improvement Hook should run learning cycle successfully","status":"failed","title":"should run learning cycle successfully","duration":0.12608399999999165,"failureMessages":["ReferenceError: document is not defined\n    at render (/Users/moustafasuliman/QuranApp/node_modules/@testing-library/react/dist/pure.js:257:5)\n    at renderHook (/Users/moustafasuliman/QuranApp/node_modules/@testing-library/react/dist/pure.js:340:7)\n    at /Users/moustafasuliman/QuranApp/src/tests/continuousImprovement.test.ts:430:26\n    at file:///Users/moustafasuliman/QuranApp/node_modules/@vitest/runner/dist/chunk-hooks.js:155:11\n    at file:///Users/moustafasuliman/QuranApp/node_modules/@vitest/runner/dist/chunk-hooks.js:752:26\n    at file:///Users/moustafasuliman/QuranApp/node_modules/@vitest/runner/dist/chunk-hooks.js:1897:20\n    at new Promise (<anonymous>)\n    at runWithTimeout (file:///Users/moustafasuliman/QuranApp/node_modules/@vitest/runner/dist/chunk-hooks.js:1863:10)\n    at runTest (file:///Users/moustafasuliman/QuranApp/node_modules/@vitest/runner/dist/chunk-hooks.js:1574:12)\n    at processTicksAndRejections (node:internal/process/task_queues:105:5)"],"meta":{}},{"ancestorTitles":["Continuous Improvement System","Continuous Improvement Hook"],"fullName":"Continuous Improvement System Continuous Improvement Hook should pause and resume correctly","status":"failed","title":"should pause and resume correctly","duration":0.1149159999999938,"failureMessages":["ReferenceError: document is not defined\n    at render (/Users/moustafasuliman/QuranApp/node_modules/@testing-library/react/dist/pure.js:257:5)\n    at renderHook (/Users/moustafasuliman/QuranApp/node_modules/@testing-library/react/dist/pure.js:340:7)\n    at /Users/moustafasuliman/QuranApp/src/tests/continuousImprovement.test.ts:448:26\n    at file:///Users/moustafasuliman/QuranApp/node_modules/@vitest/runner/dist/chunk-hooks.js:155:11\n    at file:///Users/moustafasuliman/QuranApp/node_modules/@vitest/runner/dist/chunk-hooks.js:752:26\n    at file:///Users/moustafasuliman/QuranApp/node_modules/@vitest/runner/dist/chunk-hooks.js:1897:20\n    at new Promise (<anonymous>)\n    at runWithTimeout (file:///Users/moustafasuliman/QuranApp/node_modules/@vitest/runner/dist/chunk-hooks.js:1863:10)\n    at runTest (file:///Users/moustafasuliman/QuranApp/node_modules/@vitest/runner/dist/chunk-hooks.js:1574:12)\n    at processTicksAndRejections (node:internal/process/task_queues:105:5)"],"meta":{}},{"ancestorTitles":["Continuous Improvement System","Auto-Enhancement System"],"fullName":"Continuous Improvement System Auto-Enhancement System should initialize with correct configuration","status":"failed","title":"should initialize with correct configuration","duration":0.14983400000028269,"failureMessages":["ReferenceError: document is not defined\n    at render (/Users/moustafasuliman/QuranApp/node_modules/@testing-library/react/dist/pure.js:257:5)\n    at renderHook (/Users/moustafasuliman/QuranApp/node_modules/@testing-library/react/dist/pure.js:340:7)\n    at /Users/moustafasuliman/QuranApp/src/tests/continuousImprovement.test.ts:473:26\n    at file:///Users/moustafasuliman/QuranApp/node_modules/@vitest/runner/dist/chunk-hooks.js:155:11\n    at file:///Users/moustafasuliman/QuranApp/node_modules/@vitest/runner/dist/chunk-hooks.js:752:26\n    at file:///Users/moustafasuliman/QuranApp/node_modules/@vitest/runner/dist/chunk-hooks.js:1897:20\n    at new Promise (<anonymous>)\n    at runWithTimeout (file:///Users/moustafasuliman/QuranApp/node_modules/@vitest/runner/dist/chunk-hooks.js:1863:10)\n    at runTest (file:///Users/moustafasuliman/QuranApp/node_modules/@vitest/runner/dist/chunk-hooks.js:1574:12)\n    at processTicksAndRejections (node:internal/process/task_queues:105:5)"],"meta":{}},{"ancestorTitles":["Continuous Improvement System","Auto-Enhancement System"],"fullName":"Continuous Improvement System Auto-Enhancement System should collect metrics from all hooks","status":"failed","title":"should collect metrics from all hooks","duration":0.12808300000006057,"failureMessages":["ReferenceError: document is not defined\n    at render (/Users/moustafasuliman/QuranApp/node_modules/@testing-library/react/dist/pure.js:257:5)\n    at renderHook (/Users/moustafasuliman/QuranApp/node_modules/@testing-library/react/dist/pure.js:340:7)\n    at /Users/moustafasuliman/QuranApp/src/tests/continuousImprovement.test.ts:487:26\n    at file:///Users/moustafasuliman/QuranApp/node_modules/@vitest/runner/dist/chunk-hooks.js:155:11\n    at file:///Users/moustafasuliman/QuranApp/node_modules/@vitest/runner/dist/chunk-hooks.js:752:26\n    at file:///Users/moustafasuliman/QuranApp/node_modules/@vitest/runner/dist/chunk-hooks.js:1897:20\n    at new Promise (<anonymous>)\n    at runWithTimeout (file:///Users/moustafasuliman/QuranApp/node_modules/@vitest/runner/dist/chunk-hooks.js:1863:10)\n    at runTest (file:///Users/moustafasuliman/QuranApp/node_modules/@vitest/runner/dist/chunk-hooks.js:1574:12)\n    at processTicksAndRejections (node:internal/process/task_queues:105:5)"],"meta":{}},{"ancestorTitles":["Continuous Improvement System","Integration Tests"],"fullName":"Continuous Improvement System Integration Tests should integrate all systems correctly","status":"failed","title":"should integrate all systems correctly","duration":0.13745800000015151,"failureMessages":["ReferenceError: document is not defined\n    at render (/Users/moustafasuliman/QuranApp/node_modules/@testing-library/react/dist/pure.js:257:5)\n    at renderHook (/Users/moustafasuliman/QuranApp/node_modules/@testing-library/react/dist/pure.js:340:7)\n    at /Users/moustafasuliman/QuranApp/src/tests/continuousImprovement.test.ts:509:41\n    at file:///Users/moustafasuliman/QuranApp/node_modules/@vitest/runner/dist/chunk-hooks.js:155:11\n    at file:///Users/moustafasuliman/QuranApp/node_modules/@vitest/runner/dist/chunk-hooks.js:752:26\n    at file:///Users/moustafasuliman/QuranApp/node_modules/@vitest/runner/dist/chunk-hooks.js:1897:20\n    at new Promise (<anonymous>)\n    at runWithTimeout (file:///Users/moustafasuliman/QuranApp/node_modules/@vitest/runner/dist/chunk-hooks.js:1863:10)\n    at runTest (file:///Users/moustafasuliman/QuranApp/node_modules/@vitest/runner/dist/chunk-hooks.js:1574:12)\n    at processTicksAndRejections (node:internal/process/task_queues:105:5)"],"meta":{}},{"ancestorTitles":["Continuous Improvement System","Integration Tests"],"fullName":"Continuous Improvement System Integration Tests should handle Islamic compliance validation","status":"failed","title":"should handle Islamic compliance validation","duration":2.9650409999999283,"failureMessages":["TypeError: islamicQualityStore.addContentRule is not a function\n    at /Users/moustafasuliman/QuranApp/src/tests/continuousImprovement.test.ts:554:29\n    at /Users/moustafasuliman/QuranApp/node_modules/@testing-library/react/dist/act-compat.js:48:24\n    at act (/Users/moustafasuliman/QuranApp/node_modules/react/cjs/react.development.js:2512:16)\n    at /Users/moustafasuliman/QuranApp/node_modules/@testing-library/react/dist/act-compat.js:47:25\n    at /Users/moustafasuliman/QuranApp/src/tests/continuousImprovement.test.ts:553:13\n    at file:///Users/moustafasuliman/QuranApp/node_modules/@vitest/runner/dist/chunk-hooks.js:155:11\n    at file:///Users/moustafasuliman/QuranApp/node_modules/@vitest/runner/dist/chunk-hooks.js:752:26\n    at file:///Users/moustafasuliman/QuranApp/node_modules/@vitest/runner/dist/chunk-hooks.js:1897:20\n    at new Promise (<anonymous>)\n    at runWithTimeout (file:///Users/moustafasuliman/QuranApp/node_modules/@vitest/runner/dist/chunk-hooks.js:1863:10)"],"meta":{}},{"ancestorTitles":["Continuous Improvement System","Integration Tests"],"fullName":"Continuous Improvement System Integration Tests should optimize performance based on metrics","status":"failed","title":"should optimize performance based on metrics","duration":0.2552920000002814,"failureMessages":["TypeError: performanceStore.trackCoreWebVitals is not a function\n    at /Users/moustafasuliman/QuranApp/src/tests/continuousImprovement.test.ts:569:26\n    at /Users/moustafasuliman/QuranApp/node_modules/@testing-library/react/dist/act-compat.js:48:24\n    at act (/Users/moustafasuliman/QuranApp/node_modules/react/cjs/react.development.js:2512:16)\n    at /Users/moustafasuliman/QuranApp/node_modules/@testing-library/react/dist/act-compat.js:47:25\n    at /Users/moustafasuliman/QuranApp/src/tests/continuousImprovement.test.ts:568:13\n    at file:///Users/moustafasuliman/QuranApp/node_modules/@vitest/runner/dist/chunk-hooks.js:155:11\n    at file:///Users/moustafasuliman/QuranApp/node_modules/@vitest/runner/dist/chunk-hooks.js:752:26\n    at file:///Users/moustafasuliman/QuranApp/node_modules/@vitest/runner/dist/chunk-hooks.js:1897:20\n    at new Promise (<anonymous>)\n    at runWithTimeout (file:///Users/moustafasuliman/QuranApp/node_modules/@vitest/runner/dist/chunk-hooks.js:1863:10)"],"meta":{}},{"ancestorTitles":["Continuous Improvement System","Error Handling and Recovery"],"fullName":"Continuous Improvement System Error Handling and Recovery should handle store initialization errors gracefully","status":"failed","title":"should handle store initialization errors gracefully","duration":0.16916600000013204,"failureMessages":["ReferenceError: document is not defined\n    at render (/Users/moustafasuliman/QuranApp/node_modules/@testing-library/react/dist/pure.js:257:5)\n    at renderHook (/Users/moustafasuliman/QuranApp/node_modules/@testing-library/react/dist/pure.js:340:7)\n    at /Users/moustafasuliman/QuranApp/src/tests/continuousImprovement.test.ts:590:26\n    at file:///Users/moustafasuliman/QuranApp/node_modules/@vitest/runner/dist/chunk-hooks.js:155:11\n    at file:///Users/moustafasuliman/QuranApp/node_modules/@vitest/runner/dist/chunk-hooks.js:752:26\n    at file:///Users/moustafasuliman/QuranApp/node_modules/@vitest/runner/dist/chunk-hooks.js:1897:20\n    at new Promise (<anonymous>)\n    at runWithTimeout (file:///Users/moustafasuliman/QuranApp/node_modules/@vitest/runner/dist/chunk-hooks.js:1863:10)\n    at runTest (file:///Users/moustafasuliman/QuranApp/node_modules/@vitest/runner/dist/chunk-hooks.js:1574:12)\n    at processTicksAndRejections (node:internal/process/task_queues:105:5)"],"meta":{}},{"ancestorTitles":["Continuous Improvement System","Error Handling and Recovery"],"fullName":"Continuous Improvement System Error Handling and Recovery should recover from failed optimizations","status":"failed","title":"should recover from failed optimizations","duration":0.13183399999979883,"failureMessages":["ReferenceError: document is not defined\n    at render (/Users/moustafasuliman/QuranApp/node_modules/@testing-library/react/dist/pure.js:257:5)\n    at renderHook (/Users/moustafasuliman/QuranApp/node_modules/@testing-library/react/dist/pure.js:340:7)\n    at /Users/moustafasuliman/QuranApp/src/tests/continuousImprovement.test.ts:616:26\n    at file:///Users/moustafasuliman/QuranApp/node_modules/@vitest/runner/dist/chunk-hooks.js:155:11\n    at file:///Users/moustafasuliman/QuranApp/node_modules/@vitest/runner/dist/chunk-hooks.js:752:26\n    at file:///Users/moustafasuliman/QuranApp/node_modules/@vitest/runner/dist/chunk-hooks.js:1897:20\n    at new Promise (<anonymous>)\n    at runWithTimeout (file:///Users/moustafasuliman/QuranApp/node_modules/@vitest/runner/dist/chunk-hooks.js:1863:10)\n    at runTest (file:///Users/moustafasuliman/QuranApp/node_modules/@vitest/runner/dist/chunk-hooks.js:1574:12)\n    at processTicksAndRejections (node:internal/process/task_queues:105:5)"],"meta":{}},{"ancestorTitles":["Continuous Improvement System","Performance and Memory"],"fullName":"Continuous Improvement System Performance and Memory should not cause memory leaks during continuous operation","status":"failed","title":"should not cause memory leaks during continuous operation","duration":0.1354580000001988,"failureMessages":["ReferenceError: document is not defined\n    at render (/Users/moustafasuliman/QuranApp/node_modules/@testing-library/react/dist/pure.js:257:5)\n    at renderHook (/Users/moustafasuliman/QuranApp/node_modules/@testing-library/react/dist/pure.js:340:7)\n    at /Users/moustafasuliman/QuranApp/src/tests/continuousImprovement.test.ts:646:35\n    at file:///Users/moustafasuliman/QuranApp/node_modules/@vitest/runner/dist/chunk-hooks.js:155:11\n    at file:///Users/moustafasuliman/QuranApp/node_modules/@vitest/runner/dist/chunk-hooks.js:752:26\n    at file:///Users/moustafasuliman/QuranApp/node_modules/@vitest/runner/dist/chunk-hooks.js:1897:20\n    at new Promise (<anonymous>)\n    at runWithTimeout (file:///Users/moustafasuliman/QuranApp/node_modules/@vitest/runner/dist/chunk-hooks.js:1863:10)\n    at runTest (file:///Users/moustafasuliman/QuranApp/node_modules/@vitest/runner/dist/chunk-hooks.js:1574:12)\n    at processTicksAndRejections (node:internal/process/task_queues:105:5)"],"meta":{}},{"ancestorTitles":["Continuous Improvement System","Performance and Memory"],"fullName":"Continuous Improvement System Performance and Memory should throttle excessive operations","status":"failed","title":"should throttle excessive operations","duration":0.1297500000000582,"failureMessages":["ReferenceError: document is not defined\n    at render (/Users/moustafasuliman/QuranApp/node_modules/@testing-library/react/dist/pure.js:257:5)\n    at renderHook (/Users/moustafasuliman/QuranApp/node_modules/@testing-library/react/dist/pure.js:340:7)\n    at /Users/moustafasuliman/QuranApp/src/tests/continuousImprovement.test.ts:676:26\n    at file:///Users/moustafasuliman/QuranApp/node_modules/@vitest/runner/dist/chunk-hooks.js:155:11\n    at file:///Users/moustafasuliman/QuranApp/node_modules/@vitest/runner/dist/chunk-hooks.js:752:26\n    at file:///Users/moustafasuliman/QuranApp/node_modules/@vitest/runner/dist/chunk-hooks.js:1897:20\n    at new Promise (<anonymous>)\n    at runWithTimeout (file:///Users/moustafasuliman/QuranApp/node_modules/@vitest/runner/dist/chunk-hooks.js:1863:10)\n    at runTest (file:///Users/moustafasuliman/QuranApp/node_modules/@vitest/runner/dist/chunk-hooks.js:1574:12)\n    at processTicksAndRejections (node:internal/process/task_queues:105:5)"],"meta":{}},{"ancestorTitles":["Islamic Compliance and Cultural Sensitivity"],"fullName":"Islamic Compliance and Cultural Sensitivity should maintain Islamic authenticity in all optimizations","status":"failed","title":"should maintain Islamic authenticity in all optimizations","duration":0.13225000000011278,"failureMessages":["ReferenceError: document is not defined\n    at render (/Users/moustafasuliman/QuranApp/node_modules/@testing-library/react/dist/pure.js:257:5)\n    at renderHook (/Users/moustafasuliman/QuranApp/node_modules/@testing-library/react/dist/pure.js:340:7)\n    at /Users/moustafasuliman/QuranApp/src/tests/continuousImprovement.test.ts:703:24\n    at file:///Users/moustafasuliman/QuranApp/node_modules/@vitest/runner/dist/chunk-hooks.js:155:11\n    at file:///Users/moustafasuliman/QuranApp/node_modules/@vitest/runner/dist/chunk-hooks.js:752:26\n    at file:///Users/moustafasuliman/QuranApp/node_modules/@vitest/runner/dist/chunk-hooks.js:1897:20\n    at new Promise (<anonymous>)\n    at runWithTimeout (file:///Users/moustafasuliman/QuranApp/node_modules/@vitest/runner/dist/chunk-hooks.js:1863:10)\n    at runTest (file:///Users/moustafasuliman/QuranApp/node_modules/@vitest/runner/dist/chunk-hooks.js:1574:12)\n    at processTicksAndRejections (node:internal/process/task_queues:105:5)"],"meta":{}},{"ancestorTitles":["Islamic Compliance and Cultural Sensitivity"],"fullName":"Islamic Compliance and Cultural Sensitivity should respect Islamic terminology and cultural sensitivity","status":"failed","title":"should respect Islamic terminology and cultural sensitivity","duration":0.11099999999987631,"failureMessages":["ReferenceError: document is not defined\n    at render (/Users/moustafasuliman/QuranApp/node_modules/@testing-library/react/dist/pure.js:257:5)\n    at renderHook (/Users/moustafasuliman/QuranApp/node_modules/@testing-library/react/dist/pure.js:340:7)\n    at /Users/moustafasuliman/QuranApp/src/tests/continuousImprovement.test.ts:726:24\n    at file:///Users/moustafasuliman/QuranApp/node_modules/@vitest/runner/dist/chunk-hooks.js:155:11\n    at file:///Users/moustafasuliman/QuranApp/node_modules/@vitest/runner/dist/chunk-hooks.js:752:26\n    at file:///Users/moustafasuliman/QuranApp/node_modules/@vitest/runner/dist/chunk-hooks.js:1897:20\n    at new Promise (<anonymous>)\n    at runWithTimeout (file:///Users/moustafasuliman/QuranApp/node_modules/@vitest/runner/dist/chunk-hooks.js:1863:10)\n    at runTest (file:///Users/moustafasuliman/QuranApp/node_modules/@vitest/runner/dist/chunk-hooks.js:1574:12)\n    at processTicksAndRejections (node:internal/process/task_queues:105:5)"],"meta":{}}],"startTime":1760952683711,"endTime":1760952683724.1692,"status":"failed","message":"","name":"/Users/moustafasuliman/QuranApp/src/tests/continuousImprovement.test.ts"},{"assertionResults":[],"startTime":1760952680032,"endTime":1760952680032,"status":"failed","message":"window is not defined","name":"/Users/moustafasuliman/QuranApp/src/tests/enhanced-auto-fix-system.test.ts"},{"assertionResults":[],"startTime":1760952680032,"endTime":1760952680032,"status":"failed","message":"Transform failed with 1 error:\n/Users/moustafasuliman/QuranApp/src/tests/islamic-content.test.ts:72:24: ERROR: Expected \">\" but found \"text\"","name":"/Users/moustafasuliman/QuranApp/src/tests/islamic-content.test.ts"},{"assertionResults":[],"startTime":1760952680032,"endTime":1760952680032,"status":"failed","message":"Transform failed with 3 errors:\n/Users/moustafasuliman/QuranApp/src/services/islamicContentMonitor.ts:626:2: ERROR: Multiple exports with the same name \"ContentChangeDetector\"\n/Users/moustafasuliman/QuranApp/src/services/islamicContentMonitor.ts:627:2: ERROR: Multiple exports with the same name \"AutomatedCorrectionSystem\"\n/Users/moustafasuliman/QuranApp/src/services/islamicContentMonitor.ts:628:2: ERROR: Multiple exports with the same name \"QualityMetricsTracker\"","name":"/Users/moustafasuliman/QuranApp/src/tests/islamicContentValidationGuardian.test.ts"},{"assertionResults":[],"startTime":1760952680032,"endTime":1760952680032,"status":"failed","message":"Transform failed with 1 error:\n/Users/moustafasuliman/QuranApp/src/tests/language-switching.test.ts:59:20: ERROR: Unterminated regular expression","name":"/Users/moustafasuliman/QuranApp/src/tests/language-switching.test.ts"},{"assertionResults":[],"startTime":1760952680032,"endTime":1760952680032,"status":"failed","message":"Transform failed with 1 error:\n/Users/moustafasuliman/QuranApp/src/tests/settings-functionality.test.ts:52:20: ERROR: Unterminated regular expression","name":"/Users/moustafasuliman/QuranApp/src/tests/settings-functionality.test.ts"},{"assertionResults":[],"startTime":1760952680032,"endTime":1760952680032,"status":"failed","message":"Transform failed with 1 error:\n/Users/moustafasuliman/QuranApp/src/tests/end-to-end/arabic-ui.test.ts:82:20: ERROR: Unterminated regular expression","name":"/Users/moustafasuliman/QuranApp/src/tests/end-to-end/arabic-ui.test.ts"},{"assertionResults":[],"startTime":1760952680032,"endTime":1760952680032,"status":"failed","message":"Transform failed with 1 error:\n/Users/moustafasuliman/QuranApp/src/tests/end-to-end/quran-display.test.ts:114:20: ERROR: Unterminated regular expression","name":"/Users/moustafasuliman/QuranApp/src/tests/end-to-end/quran-display.test.ts"},{"assertionResults":[],"startTime":1760952680032,"endTime":1760952680032,"status":"failed","message":"Transform failed with 1 error:\n/Users/moustafasuliman/QuranApp/src/tests/end-to-end/settings-flow.test.ts:63:20: ERROR: Unterminated regular expression","name":"/Users/moustafasuliman/QuranApp/src/tests/end-to-end/settings-flow.test.ts"},{"assertionResults":[],"startTime":1760952680032,"endTime":1760952680032,"status":"failed","message":"Transform failed with 1 error:\n/Users/moustafasuliman/QuranApp/src/tests/regression/content-authenticity.test.ts:78:20: ERROR: Unterminated regular expression","name":"/Users/moustafasuliman/QuranApp/src/tests/regression/content-authenticity.test.ts"},{"assertionResults":[],"startTime":1760952680032,"endTime":1760952680032,"status":"failed","message":"Transform failed with 1 error:\n/Users/moustafasuliman/QuranApp/src/tests/regression/icon-consistency.test.ts:73:20: ERROR: Unterminated regular expression","name":"/Users/moustafasuliman/QuranApp/src/tests/regression/icon-consistency.test.ts"},{"assertionResults":[],"startTime":1760952680032,"endTime":1760952680032,"status":"failed","message":"Transform failed with 1 error:\n/Users/moustafasuliman/QuranApp/src/tests/regression/islamic-references.test.ts:91:20: ERROR: Unterminated regular expression","name":"/Users/moustafasuliman/QuranApp/src/tests/regression/islamic-references.test.ts"},{"assertionResults":[{"ancestorTitles":["Enhanced Accessibility Compliance Testing (WCAG 2.1 AA)","Color Contrast and Visual Design"],"fullName":"Enhanced Accessibility Compliance Testing (WCAG 2.1 AA) Color Contrast and Visual Design should meet WCAG AA contrast requirements for Arabic text","status":"passed","title":"should meet WCAG AA contrast requirements for Arabic text","duration":2.609874999999647,"failureMessages":[],"meta":{}},{"ancestorTitles":["Enhanced Accessibility Compliance Testing (WCAG 2.1 AA)","Color Contrast and Visual Design"],"fullName":"Enhanced Accessibility Compliance Testing (WCAG 2.1 AA) Color Contrast and Visual Design should provide enhanced contrast for Arabic diacritics","status":"passed","title":"should provide enhanced contrast for Arabic diacritics","duration":0.35629199999993943,"failureMessages":[],"meta":{}},{"ancestorTitles":["Enhanced Accessibility Compliance Testing (WCAG 2.1 AA)","Color Contrast and Visual Design"],"fullName":"Enhanced Accessibility Compliance Testing (WCAG 2.1 AA) Color Contrast and Visual Design should handle dark mode with appropriate contrast","status":"passed","title":"should handle dark mode with appropriate contrast","duration":0.33112500000015643,"failureMessages":[],"meta":{}},{"ancestorTitles":["Enhanced Accessibility Compliance Testing (WCAG 2.1 AA)","Arabic Text Accessibility"],"fullName":"Enhanced Accessibility Compliance Testing (WCAG 2.1 AA) Arabic Text Accessibility should ensure proper font sizing for Arabic text","status":"passed","title":"should ensure proper font sizing for Arabic text","duration":0.4059589999997115,"failureMessages":[],"meta":{}},{"ancestorTitles":["Enhanced Accessibility Compliance Testing (WCAG 2.1 AA)","Arabic Text Accessibility"],"fullName":"Enhanced Accessibility Compliance Testing (WCAG 2.1 AA) Arabic Text Accessibility should handle RTL (Right-to-Left) text direction correctly","status":"failed","title":"should handle RTL (Right-to-Left) text direction correctly","duration":4.7554589999999735,"failureMessages":["ReferenceError: document is not defined\n    at render (/Users/moustafasuliman/QuranApp/node_modules/@testing-library/react/dist/pure.js:257:5)\n    at renderHook (/Users/moustafasuliman/QuranApp/node_modules/@testing-library/react/dist/pure.js:340:7)\n    at /Users/moustafasuliman/QuranApp/src/tests/enhanced/accessibility-compliance.test.ts:420:26\n    at file:///Users/moustafasuliman/QuranApp/node_modules/@vitest/runner/dist/chunk-hooks.js:155:11\n    at file:///Users/moustafasuliman/QuranApp/node_modules/@vitest/runner/dist/chunk-hooks.js:752:26\n    at file:///Users/moustafasuliman/QuranApp/node_modules/@vitest/runner/dist/chunk-hooks.js:1897:20\n    at new Promise (<anonymous>)\n    at runWithTimeout (file:///Users/moustafasuliman/QuranApp/node_modules/@vitest/runner/dist/chunk-hooks.js:1863:10)\n    at runTest (file:///Users/moustafasuliman/QuranApp/node_modules/@vitest/runner/dist/chunk-hooks.js:1574:12)\n    at processTicksAndRejections (node:internal/process/task_queues:105:5)"],"meta":{}},{"ancestorTitles":["Enhanced Accessibility Compliance Testing (WCAG 2.1 AA)","Arabic Text Accessibility"],"fullName":"Enhanced Accessibility Compliance Testing (WCAG 2.1 AA) Arabic Text Accessibility should provide proper support for Quranic diacritics","status":"passed","title":"should provide proper support for Quranic diacritics","duration":0.45699999999987995,"failureMessages":[],"meta":{}},{"ancestorTitles":["Enhanced Accessibility Compliance Testing (WCAG 2.1 AA)","Keyboard Navigation and Focus Management"],"fullName":"Enhanced Accessibility Compliance Testing (WCAG 2.1 AA) Keyboard Navigation and Focus Management should provide proper keyboard navigation for Quran controls","status":"passed","title":"should provide proper keyboard navigation for Quran controls","duration":0.6560829999998532,"failureMessages":[],"meta":{}},{"ancestorTitles":["Enhanced Accessibility Compliance Testing (WCAG 2.1 AA)","Keyboard Navigation and Focus Management"],"fullName":"Enhanced Accessibility Compliance Testing (WCAG 2.1 AA) Keyboard Navigation and Focus Management should handle focus management during audio playback","status":"failed","title":"should handle focus management duri
[...]
n/QuranApp/node_modules/@vitest/runner/dist/chunk-hooks.js:1897:20\n    at new Promise (<anonymous>)\n    at runWithTimeout (file:///Users/moustafasuliman/QuranApp/node_modules/@vitest/runner/dist/chunk-hooks.js:1863:10)"],"meta":{}},{"ancestorTitles":["PrivacyManager","Consent Management"],"fullName":"PrivacyManager Consent Management should check processing permissions","status":"failed","title":"should check processing permissions","duration":0.13054200000078708,"failureMessages":["ReferenceError: document is not defined\n    at PrivacyManager.addPrivacyPolicyLink (/Users/moustafasuliman/QuranApp/src/security/PrivacyManager.ts:663:18)\n    at PrivacyManager.initializePrivacyUI (/Users/moustafasuliman/QuranApp/src/security/PrivacyManager.ts:653:10)\n    at PrivacyManager.initializePrivacySystem (/Users/moustafasuliman/QuranApp/src/security/PrivacyManager.ts:132:10)\n    at new PrivacyManager (/Users/moustafasuliman/QuranApp/src/security/PrivacyManager.ts:116:10)\n    at PrivacyManager.getInstance (/Users/moustafasuliman/QuranApp/src/security/PrivacyManager.ts:121:33)\n    at /Users/moustafasuliman/QuranApp/src/tests/security/SecurityManager.test.ts:493:37\n    at file:///Users/moustafasuliman/QuranApp/node_modules/@vitest/runner/dist/chunk-hooks.js:155:11\n    at file:///Users/moustafasuliman/QuranApp/node_modules/@vitest/runner/dist/chunk-hooks.js:1897:20\n    at new Promise (<anonymous>)\n    at runWithTimeout (file:///Users/moustafasuliman/QuranApp/node_modules/@vitest/runner/dist/chunk-hooks.js:1863:10)"],"meta":{}},{"ancestorTitles":["PrivacyManager","Privacy Requests"],"fullName":"PrivacyManager Privacy Requests should handle data access requests","status":"failed","title":"should handle data access requests","duration":0.11616599999979371,"failureMessages":["ReferenceError: document is not defined\n    at PrivacyManager.addPrivacyPolicyLink (/Users/moustafasuliman/QuranApp/src/security/PrivacyManager.ts:663:18)\n    at PrivacyManager.initializePrivacyUI (/Users/moustafasuliman/QuranApp/src/security/PrivacyManager.ts:653:10)\n    at PrivacyManager.initializePrivacySystem (/Users/moustafasuliman/QuranApp/src/security/PrivacyManager.ts:132:10)\n    at new PrivacyManager (/Users/moustafasuliman/QuranApp/src/security/PrivacyManager.ts:116:10)\n    at PrivacyManager.getInstance (/Users/moustafasuliman/QuranApp/src/security/PrivacyManager.ts:121:33)\n    at /Users/moustafasuliman/QuranApp/src/tests/security/SecurityManager.test.ts:493:37\n    at file:///Users/moustafasuliman/QuranApp/node_modules/@vitest/runner/dist/chunk-hooks.js:155:11\n    at file:///Users/moustafasuliman/QuranApp/node_modules/@vitest/runner/dist/chunk-hooks.js:1897:20\n    at new Promise (<anonymous>)\n    at runWithTimeout (file:///Users/moustafasuliman/QuranApp/node_modules/@vitest/runner/dist/chunk-hooks.js:1863:10)"],"meta":{}},{"ancestorTitles":["PrivacyManager","Privacy Requests"],"fullName":"PrivacyManager Privacy Requests should handle data erasure requests","status":"failed","title":"should handle data erasure requests","duration":0.10037499999998545,"failureMessages":["ReferenceError: document is not defined\n    at PrivacyManager.addPrivacyPolicyLink (/Users/moustafasuliman/QuranApp/src/security/PrivacyManager.ts:663:18)\n    at PrivacyManager.initializePrivacyUI (/Users/moustafasuliman/QuranApp/src/security/PrivacyManager.ts:653:10)\n    at PrivacyManager.initializePrivacySystem (/Users/moustafasuliman/QuranApp/src/security/PrivacyManager.ts:132:10)\n    at new PrivacyManager (/Users/moustafasuliman/QuranApp/src/security/PrivacyManager.ts:116:10)\n    at PrivacyManager.getInstance (/Users/moustafasuliman/QuranApp/src/security/PrivacyManager.ts:121:33)\n    at /Users/moustafasuliman/QuranApp/src/tests/security/SecurityManager.test.ts:493:37\n    at file:///Users/moustafasuliman/QuranApp/node_modules/@vitest/runner/dist/chunk-hooks.js:155:11\n    at file:///Users/moustafasuliman/QuranApp/node_modules/@vitest/runner/dist/chunk-hooks.js:1897:20\n    at new Promise (<anonymous>)\n    at runWithTimeout (file:///Users/moustafasuliman/QuranApp/node_modules/@vitest/runner/dist/chunk-hooks.js:1863:10)"],"meta":{}},{"ancestorTitles":["IslamicContentIntegrity","Content Verification"],"fullName":"IslamicContentIntegrity Content Verification should verify Islamic content authenticity","status":"failed","title":"should verify Islamic content authenticity","duration":0.8114170000008016,"failureMessages":["ReferenceError: MutationObserver is not defined\n    at IslamicContentIntegrity.monitorContentChanges (/Users/moustafasuliman/QuranApp/src/security/IslamicContentIntegrity.ts:705:22)\n    at IslamicContentIntegrity.setupContentMonitoring (/Users/moustafasuliman/QuranApp/src/security/IslamicContentIntegrity.ts:699:10)\n    at new IslamicContentIntegrity (/Users/moustafasuliman/QuranApp/src/security/IslamicContentIntegrity.ts:66:10)\n    at IslamicContentIntegrity.getInstance (/Users/moustafasuliman/QuranApp/src/security/IslamicContentIntegrity.ts:71:42)\n    at /Users/moustafasuliman/QuranApp/src/tests/security/SecurityManager.test.ts:575:48\n    at file:///Users/moustafasuliman/QuranApp/node_modules/@vitest/runner/dist/chunk-hooks.js:155:11\n    at file:///Users/moustafasuliman/QuranApp/node_modules/@vitest/runner/dist/chunk-hooks.js:1897:20\n    at new Promise (<anonymous>)\n    at runWithTimeout (file:///Users/moustafasuliman/QuranApp/node_modules/@vitest/runner/dist/chunk-hooks.js:1863:10)\n    at runHook (file:///Users/moustafasuliman/QuranApp/node_modules/@vitest/runner/dist/chunk-hooks.js:1436:51)"],"meta":{}},{"ancestorTitles":["IslamicContentIntegrity","Content Verification"],"fullName":"IslamicContentIntegrity Content Verification should detect suspicious content modifications","status":"failed","title":"should detect suspicious content modifications","duration":0.16329199999927368,"failureMessages":["ReferenceError: MutationObserver is not defined\n    at IslamicContentIntegrity.monitorContentChanges (/Users/moustafasuliman/QuranApp/src/security/IslamicContentIntegrity.ts:705:22)\n    at IslamicContentIntegrity.setupContentMonitoring (/Users/moustafasuliman/QuranApp/src/security/IslamicContentIntegrity.ts:699:10)\n    at new IslamicContentIntegrity (/Users/moustafasuliman/QuranApp/src/security/IslamicContentIntegrity.ts:66:10)\n    at IslamicContentIntegrity.getInstance (/Users/moustafasuliman/QuranApp/src/security/IslamicContentIntegrity.ts:71:42)\n    at /Users/moustafasuliman/QuranApp/src/tests/security/SecurityManager.test.ts:575:48\n    at file:///Users/moustafasuliman/QuranApp/node_modules/@vitest/runner/dist/chunk-hooks.js:155:11\n    at file:///Users/moustafasuliman/QuranApp/node_modules/@vitest/runner/dist/chunk-hooks.js:1897:20\n    at new Promise (<anonymous>)\n    at runWithTimeout (file:///Users/moustafasuliman/QuranApp/node_modules/@vitest/runner/dist/chunk-hooks.js:1863:10)\n    at runHook (file:///Users/moustafasuliman/QuranApp/node_modules/@vitest/runner/dist/chunk-hooks.js:1436:51)"],"meta":{}},{"ancestorTitles":["IslamicContentIntegrity","Trusted Sources"],"fullName":"IslamicContentIntegrity Trusted Sources should have predefined trusted sources","status":"failed","title":"should have predefined trusted sources","duration":0.1407500000004802,"failureMessages":["ReferenceError: MutationObserver is not defined\n    at IslamicContentIntegrity.monitorContentChanges (/Users/moustafasuliman/QuranApp/src/security/IslamicContentIntegrity.ts:705:22)\n    at IslamicContentIntegrity.setupContentMonitoring (/Users/moustafasuliman/QuranApp/src/security/IslamicContentIntegrity.ts:699:10)\n    at new IslamicContentIntegrity (/Users/moustafasuliman/QuranApp/src/security/IslamicContentIntegrity.ts:66:10)\n    at IslamicContentIntegrity.getInstance (/Users/moustafasuliman/QuranApp/src/security/IslamicContentIntegrity.ts:71:42)\n    at /Users/moustafasuliman/QuranApp/src/tests/security/SecurityManager.test.ts:575:48\n    at file:///Users/moustafasuliman/QuranApp/node_modules/@vitest/runner/dist/chunk-hooks.js:155:11\n    at file:///Users/moustafasuliman/QuranApp/node_modules/@vitest/runner/dist/chunk-hooks.js:1897:20\n    at new Promise (<anonymous>)\n    at runWithTimeout (file:///Users/moustafasuliman/QuranApp/node_modules/@vitest/runner/dist/chunk-hooks.js:1863:10)\n    at runHook (file:///Users/moustafasuliman/QuranApp/node_modules/@vitest/runner/dist/chunk-hooks.js:1436:51)"],"meta":{}},{"ancestorTitles":["IslamicContentIntegrity","Trusted Sources"],"fullName":"IslamicContentIntegrity Trusted Sources should allow adding new trusted sources","status":"failed","title":"should allow adding new trusted sources","duration":0.13845899999978428,"failureMessages":["ReferenceError: MutationObserver is not defined\n    at IslamicContentIntegrity.monitorContentChanges (/Users/moustafasuliman/QuranApp/src/security/IslamicContentIntegrity.ts:705:22)\n    at IslamicContentIntegrity.setupContentMonitoring (/Users/moustafasuliman/QuranApp/src/security/IslamicContentIntegrity.ts:699:10)\n    at new IslamicContentIntegrity (/Users/moustafasuliman/QuranApp/src/security/IslamicContentIntegrity.ts:66:10)\n    at IslamicContentIntegrity.getInstance (/Users/moustafasuliman/QuranApp/src/security/IslamicContentIntegrity.ts:71:42)\n    at /Users/moustafasuliman/QuranApp/src/tests/security/SecurityManager.test.ts:575:48\n    at file:///Users/moustafasuliman/QuranApp/node_modules/@vitest/runner/dist/chunk-hooks.js:155:11\n    at file:///Users/moustafasuliman/QuranApp/node_modules/@vitest/runner/dist/chunk-hooks.js:1897:20\n    at new Promise (<anonymous>)\n    at runWithTimeout (file:///Users/moustafasuliman/QuranApp/node_modules/@vitest/runner/dist/chunk-hooks.js:1863:10)\n    at runHook (file:///Users/moustafasuliman/QuranApp/node_modules/@vitest/runner/dist/chunk-hooks.js:1436:51)"],"meta":{}},{"ancestorTitles":["Security Integration"],"fullName":"Security Integration should initialize all security components together","status":"failed","title":"should initialize all security components together","duration":0.2737919999999576,"failureMessages":["TypeError: this.domPurify.addHook is not a function\n    at XSSProtection.configureDOMPurify (/Users/moustafasuliman/QuranApp/src/security/XSSProtection.ts:38:20)\n    at new XSSProtection (/Users/moustafasuliman/QuranApp/src/security/XSSProtection.ts:23:10)\n    at XSSProtection.getInstance (/Users/moustafasuliman/QuranApp/src/security/XSSProtection.ts:28:32)\n    at SecurityManager.<instance_members_initializer> (/Users/moustafasuliman/QuranApp/src/security/SecurityManager.ts:73:41)\n    at new SecurityManager (/Users/moustafasuliman/QuranApp/src/security/SecurityManager.ts:81:11)\n    at SecurityManager.getInstance (/Users/moustafasuliman/QuranApp/src/security/SecurityManager.ts:85:34)\n    at /Users/moustafasuliman/QuranApp/src/tests/security/SecurityManager.test.ts:645:45\n    at file:///Users/moustafasuliman/QuranApp/node_modules/@vitest/runner/dist/chunk-hooks.js:155:11\n    at file:///Users/moustafasuliman/QuranApp/node_modules/@vitest/runner/dist/chunk-hooks.js:752:26\n    at file:///Users/moustafasuliman/QuranApp/node_modules/@vitest/runner/dist/chunk-hooks.js:1897:20"],"meta":{}},{"ancestorTitles":["Security Integration"],"fullName":"Security Integration should handle security failures gracefully","status":"failed","title":"should handle security failures gracefully","duration":1.412333000000217,"failureMessages":["AssertionError: expected TypeError: this.domPurify.addHook is not … to be undefined\n    at /Users/moustafasuliman/QuranApp/src/tests/security/SecurityManager.test.ts:668:21\n    at file:///Users/moustafasuliman/QuranApp/node_modules/@vitest/runner/dist/chunk-hooks.js:155:11\n    at file:///Users/moustafasuliman/QuranApp/node_modules/@vitest/runner/dist/chunk-hooks.js:752:26\n    at file:///Users/moustafasuliman/QuranApp/node_modules/@vitest/runner/dist/chunk-hooks.js:1897:20\n    at new Promise (<anonymous>)\n    at runWithTimeout (file:///Users/moustafasuliman/QuranApp/node_modules/@vitest/runner/dist/chunk-hooks.js:1863:10)\n    at runTest (file:///Users/moustafasuliman/QuranApp/node_modules/@vitest/runner/dist/chunk-hooks.js:1574:12)\n    at processTicksAndRejections (node:internal/process/task_queues:105:5)\n    at runSuite (file:///Users/moustafasuliman/QuranApp/node_modules/@vitest/runner/dist/chunk-hooks.js:1729:8)\n    at runSuite (file:///Users/moustafasuliman/QuranApp/node_modules/@vitest/runner/dist/chunk-hooks.js:1729:8)"],"meta":{}},{"ancestorTitles":["Performance"],"fullName":"Performance should initialize security system quickly","status":"failed","title":"should initialize security system quickly","duration":0.17362499999944703,"failureMessages":["TypeError: this.domPurify.addHook is not a function\n    at XSSProtection.configureDOMPurify (/Users/moustafasuliman/QuranApp/src/security/XSSProtection.ts:38:20)\n    at new XSSProtection (/Users/moustafasuliman/QuranApp/src/security/XSSProtection.ts:23:10)\n    at XSSProtection.getInstance (/Users/moustafasuliman/QuranApp/src/security/XSSProtection.ts:28:32)\n    at SecurityManager.<instance_members_initializer> (/Users/moustafasuliman/QuranApp/src/security/SecurityManager.ts:73:41)\n    at new SecurityManager (/Users/moustafasuliman/QuranApp/src/security/SecurityManager.ts:81:11)\n    at SecurityManager.getInstance (/Users/moustafasuliman/QuranApp/src/security/SecurityManager.ts:85:34)\n    at /Users/moustafasuliman/QuranApp/src/tests/security/SecurityManager.test.ts:679:45\n    at file:///Users/moustafasuliman/QuranApp/node_modules/@vitest/runner/dist/chunk-hooks.js:155:11\n    at file:///Users/moustafasuliman/QuranApp/node_modules/@vitest/runner/dist/chunk-hooks.js:752:26\n    at file:///Users/moustafasuliman/QuranApp/node_modules/@vitest/runner/dist/chunk-hooks.js:1897:20"],"meta":{}},{"ancestorTitles":["Performance"],"fullName":"Performance should handle high-frequency security operations efficiently","status":"failed","title":"should handle high-frequency security operations efficiently","duration":0.12625000000116415,"failureMessages":["TypeError: this.domPurify.addHook is not a function\n    at XSSProtection.configureDOMPurify (/Users/moustafasuliman/QuranApp/src/security/XSSProtection.ts:38:20)\n    at new XSSProtection (/Users/moustafasuliman/QuranApp/src/security/XSSProtection.ts:23:10)\n    at XSSProtection.getInstance (/Users/moustafasuliman/QuranApp/src/security/XSSProtection.ts:28:32)\n    at /Users/moustafasuliman/QuranApp/src/tests/security/SecurityManager.test.ts:692:31\n    at file:///Users/moustafasuliman/QuranApp/node_modules/@vitest/runner/dist/chunk-hooks.js:155:11\n    at file:///Users/moustafasuliman/QuranApp/node_modules/@vitest/runner/dist/chunk-hooks.js:752:26\n    at file:///Users/moustafasuliman/QuranApp/node_modules/@vitest/runner/dist/chunk-hooks.js:1897:20\n    at new Promise (<anonymous>)\n    at runWithTimeout (file:///Users/moustafasuliman/QuranApp/node_modules/@vitest/runner/dist/chunk-hooks.js:1863:10)\n    at runTest (file:///Users/moustafasuliman/QuranApp/node_modules/@vitest/runner/dist/chunk-hooks.js:1574:12)"],"meta":{}}],"startTime":1760952682000,"endTime":1760952689444.4124,"status":"failed","message":"","name":"/Users/moustafasuliman/QuranApp/src/tests/security/SecurityManager.test.ts"},{"assertionResults":[],"startTime":1760952680032,"endTime":1760952680032,"status":"failed","message":"Playwright Test did not expect test.describe() to be called here.\nMost common reasons include:\n- You are calling test.describe() in a configuration file.\n- You are calling test.describe() in a file that is imported by the configuration file.\n- You have two different versions of @playwright/test. This usually happens\n  when one of the dependencies in your package.json depends on @playwright/test.","name":"/Users/moustafasuliman/QuranApp/tests/e2e/specs/audio-playback.spec.ts"},{"assertionResults":[],"startTime":1760952680032,"endTime":1760952680032,"status":"failed","message":"Playwright Test did not expect test.describe() to be called here.\nMost common reasons include:\n- You are calling test.describe() in a configuration file.\n- You are calling test.describe() in a file that is imported by the configuration file.\n- You have two different versions of @playwright/test. This usually happens\n  when one of the dependencies in your package.json depends on @playwright/test.","name":"/Users/moustafasuliman/QuranApp/tests/e2e/specs/islamic-features.spec.ts"},{"assertionResults":[],"startTime":1760952680032,"endTime":1760952680032,"status":"failed","message":"Playwright Test did not expect test.describe() to be called here.\nMost common reasons include:\n- You are calling test.describe() in a configuration file.\n- You are calling test.describe() in a file that is imported by the configuration file.\n- You have two different versions of @playwright/test. This usually happens\n  when one of the dependencies in your package.json depends on @playwright/test.","name":"/Users/moustafasuliman/QuranApp/tests/e2e/specs/memorization.spec.ts"},{"assertionResults":[],"startTime":1760952680032,"endTime":1760952680032,"status":"failed","message":"Playwright Test did not expect test.describe() to be called here.\nMost common reasons include:\n- You are calling test.describe() in a configuration file.\n- You are calling test.describe() in a file that is imported by the configuration file.\n- You have two different versions of @playwright/test. This usually happens\n  when one of the dependencies in your package.json depends on @playwright/test.","name":"/Users/moustafasuliman/QuranApp/tests/e2e/specs/onboarding.spec.ts"},{"assertionResults":[],"startTime":1760952680032,"endTime":1760952680032,"status":"failed","message":"Playwright Test did not expect test.describe() to be called here.\nMost common reasons include:\n- You are calling test.describe() in a configuration file.\n- You are calling test.describe() in a file that is imported by the configuration file.\n- You have two different versions of @playwright/test. This usually happens\n  when one of the dependencies in your package.json depends on @playwright/test.","name":"/Users/moustafasuliman/QuranApp/tests/e2e/specs/performance.spec.ts"},{"assertionResults":[],"startTime":1760952680032,"endTime":1760952680032,"status":"failed","message":"Playwright Test did not expect test.describe() to be called here.\nMost common reasons include:\n- You are calling test.describe() in a configuration file.\n- You are calling test.describe() in a file that is imported by the configuration file.\n- You have two different versions of @playwright/test. This usually happens\n  when one of the dependencies in your package.json depends on @playwright/test.","name":"/Users/moustafasuliman/QuranApp/tests/e2e/specs/pwa-offline.spec.ts"},{"assertionResults":[],"startTime":1760952680032,"endTime":1760952680032,"status":"failed","message":"Playwright Test did not expect test.describe() to be called here.\nMost common reasons include:\n- You are calling test.describe() in a configuration file.\n- You are calling test.describe() in a file that is imported by the configuration file.\n- You have two different versions of @playwright/test. This usually happens\n  when one of the dependencies in your package.json depends on @playwright/test.","name":"/Users/moustafasuliman/QuranApp/tests/e2e/specs/quran-reading.spec.ts"},{"assertionResults":[],"startTime":1760952680032,"endTime":1760952680032,"status":"failed","message":"Playwright Test did not expect test.describe() to be called here.\nMost common reasons include:\n- You are calling test.describe() in a configuration file.\n- You are calling test.describe() in a file that is imported by the configuration file.\n- You have two different versions of @playwright/test. This usually happens\n  when one of the dependencies in your package.json depends on @playwright/test.","name":"/Users/moustafasuliman/QuranApp/tests/e2e/specs/settings.spec.ts"}]}